{"E:\\Deal\\NodeJs\\udemy\\seubarriga\\knexfile.js": {"path":"E:\\Deal\\NodeJs\\udemy\\seubarriga\\knexfile.js","statementMap":{"0":{"start":{"line":1,"column":0},"end":{"line":14,"column":2}}},"fnMap":{},"branchMap":{},"s":{"0":7},"f":{},"b":{},"_coverageSchema":"332fd63041d2c1bcb487cc26dd0d5f7d97098a6c","hash":"33118ac7fafa5795fd3caed538a8c09edbff412a"}
,"E:\\Deal\\NodeJs\\udemy\\seubarriga\\src\\app.js": {"path":"E:\\Deal\\NodeJs\\udemy\\seubarriga\\src\\app.js","statementMap":{"0":{"start":{"line":2,"column":12},"end":{"line":2,"column":32}},"1":{"start":{"line":3,"column":16},"end":{"line":3,"column":34}},"2":{"start":{"line":4,"column":13},"end":{"line":4,"column":28}},"3":{"start":{"line":6,"column":17},"end":{"line":6,"column":39}},"4":{"start":{"line":9,"column":0},"end":{"line":9,"column":29}},"5":{"start":{"line":11,"column":0},"end":{"line":17,"column":13}},"6":{"start":{"line":19,"column":0},"end":{"line":21,"column":3}},"7":{"start":{"line":20,"column":2},"end":{"line":20,"column":25}},"8":{"start":{"line":23,"column":0},"end":{"line":33,"column":2}},"9":{"start":{"line":24,"column":35},"end":{"line":24,"column":38}},"10":{"start":{"line":25,"column":2},"end":{"line":31,"column":3}},"11":{"start":{"line":26,"column":4},"end":{"line":26,"column":44}},"12":{"start":{"line":27,"column":9},"end":{"line":31,"column":3}},"13":{"start":{"line":28,"column":4},"end":{"line":28,"column":44}},"14":{"start":{"line":30,"column":4},"end":{"line":30,"column":50}},"15":{"start":{"line":32,"column":2},"end":{"line":32,"column":12}},"16":{"start":{"line":41,"column":0},"end":{"line":41,"column":20}}},"fnMap":{"0":{"name":"(anonymous_0)","decl":{"start":{"line":19,"column":13},"end":{"line":19,"column":14}},"loc":{"start":{"line":19,"column":27},"end":{"line":21,"column":1}},"line":19},"1":{"name":"(anonymous_1)","decl":{"start":{"line":23,"column":8},"end":{"line":23,"column":9}},"loc":{"start":{"line":23,"column":33},"end":{"line":33,"column":1}},"line":23}},"branchMap":{"0":{"loc":{"start":{"line":25,"column":2},"end":{"line":31,"column":3}},"type":"if","locations":[{"start":{"line":25,"column":2},"end":{"line":31,"column":3}},{"start":{"line":25,"column":2},"end":{"line":31,"column":3}}],"line":25},"1":{"loc":{"start":{"line":27,"column":9},"end":{"line":31,"column":3}},"type":"if","locations":[{"start":{"line":27,"column":9},"end":{"line":31,"column":3}},{"start":{"line":27,"column":9},"end":{"line":31,"column":3}}],"line":27}},"s":{"0":7,"1":7,"2":7,"3":7,"4":7,"5":7,"6":7,"7":1,"8":7,"9":34,"10":34,"11":29,"12":5,"13":5,"14":0,"15":34,"16":7},"f":{"0":1,"1":34},"b":{"0":[29,5],"1":[5,0]},"_coverageSchema":"332fd63041d2c1bcb487cc26dd0d5f7d97098a6c","hash":"a67108a4d143f811bc6eb8a8a52e2a67bf2e18c7"}
,"E:\\Deal\\NodeJs\\udemy\\seubarriga\\src\\config\\middlewares.js": {"path":"E:\\Deal\\NodeJs\\udemy\\seubarriga\\src\\config\\middlewares.js","statementMap":{"0":{"start":{"line":2,"column":19},"end":{"line":2,"column":41}},"1":{"start":{"line":5,"column":0},"end":{"line":8,"column":1}},"2":{"start":{"line":6,"column":2},"end":{"line":6,"column":29}}},"fnMap":{"0":{"name":"(anonymous_0)","decl":{"start":{"line":5,"column":17},"end":{"line":5,"column":18}},"loc":{"start":{"line":5,"column":26},"end":{"line":8,"column":1}},"line":5}},"branchMap":{},"s":{"0":7,"1":7,"2":7},"f":{"0":7},"b":{},"_coverageSchema":"332fd63041d2c1bcb487cc26dd0d5f7d97098a6c","hash":"8b4543d71275c801452de4c3e7ef063917fc7cec"}
,"E:\\Deal\\NodeJs\\udemy\\seubarriga\\src\\config\\passport.js": {"path":"E:\\Deal\\NodeJs\\udemy\\seubarriga\\src\\config\\passport.js","statementMap":{"0":{"start":{"line":2,"column":17},"end":{"line":2,"column":36}},"1":{"start":{"line":3,"column":20},"end":{"line":3,"column":43}},"2":{"start":{"line":5,"column":15},"end":{"line":5,"column":25}},"3":{"start":{"line":7,"column":33},"end":{"line":7,"column":44}},"4":{"start":{"line":9,"column":0},"end":{"line":29,"column":1}},"5":{"start":{"line":11,"column":17},"end":{"line":14,"column":3}},"6":{"start":{"line":16,"column":19},"end":{"line":22,"column":4}},"7":{"start":{"line":17,"column":4},"end":{"line":21,"column":40}},"8":{"start":{"line":19,"column":8},"end":{"line":20,"column":30}},"9":{"start":{"line":19,"column":18},"end":{"line":19,"column":44}},"10":{"start":{"line":20,"column":13},"end":{"line":20,"column":30}},"11":{"start":{"line":21,"column":22},"end":{"line":21,"column":38}},"12":{"start":{"line":24,"column":2},"end":{"line":24,"column":25}},"13":{"start":{"line":26,"column":2},"end":{"line":28,"column":3}},"14":{"start":{"line":27,"column":24},"end":{"line":27,"column":72}}},"fnMap":{"0":{"name":"(anonymous_0)","decl":{"start":{"line":9,"column":17},"end":{"line":9,"column":18}},"loc":{"start":{"line":9,"column":26},"end":{"line":29,"column":1}},"line":9},"1":{"name":"(anonymous_1)","decl":{"start":{"line":16,"column":40},"end":{"line":16,"column":41}},"loc":{"start":{"line":16,"column":59},"end":{"line":22,"column":3}},"line":16},"2":{"name":"(anonymous_2)","decl":{"start":{"line":18,"column":12},"end":{"line":18,"column":13}},"loc":{"start":{"line":18,"column":20},"end":{"line":21,"column":7}},"line":18},"3":{"name":"(anonymous_3)","decl":{"start":{"line":21,"column":15},"end":{"line":21,"column":16}},"loc":{"start":{"line":21,"column":22},"end":{"line":21,"column":38}},"line":21},"4":{"name":"(anonymous_4)","decl":{"start":{"line":27,"column":18},"end":{"line":27,"column":19}},"loc":{"start":{"line":27,"column":24},"end":{"line":27,"column":72}},"line":27}},"branchMap":{"0":{"loc":{"start":{"line":19,"column":8},"end":{"line":20,"column":30}},"type":"if","locations":[{"start":{"line":19,"column":8},"end":{"line":20,"column":30}},{"start":{"line":19,"column":8},"end":{"line":20,"column":30}}],"line":19}},"s":{"0":7,"1":7,"2":7,"3":7,"4":7,"5":7,"6":7,"7":73,"8":73,"9":73,"10":0,"11":0,"12":7,"13":7,"14":7},"f":{"0":7,"1":73,"2":73,"3":0,"4":7},"b":{"0":[73,0]},"_coverageSchema":"332fd63041d2c1bcb487cc26dd0d5f7d97098a6c","hash":"3dee69e122d4a0e65ed1fcb0abf890a5c7723e59"}
,"E:\\Deal\\NodeJs\\udemy\\seubarriga\\src\\config\\router.js": {"path":"E:\\Deal\\NodeJs\\udemy\\seubarriga\\src\\config\\router.js","statementMap":{"0":{"start":{"line":2,"column":16},"end":{"line":2,"column":34}},"1":{"start":{"line":4,"column":0},"end":{"line":17,"column":2}},"2":{"start":{"line":5,"column":2},"end":{"line":5,"column":36}},"3":{"start":{"line":7,"column":26},"end":{"line":7,"column":42}},"4":{"start":{"line":9,"column":2},"end":{"line":9,"column":50}},"5":{"start":{"line":10,"column":2},"end":{"line":10,"column":56}},"6":{"start":{"line":11,"column":2},"end":{"line":11,"column":64}},"7":{"start":{"line":12,"column":2},"end":{"line":12,"column":58}},"8":{"start":{"line":13,"column":2},"end":{"line":13,"column":54}},"9":{"start":{"line":15,"column":2},"end":{"line":15,"column":70}}},"fnMap":{"0":{"name":"(anonymous_0)","decl":{"start":{"line":4,"column":17},"end":{"line":4,"column":18}},"loc":{"start":{"line":4,"column":26},"end":{"line":17,"column":1}},"line":4}},"branchMap":{},"s":{"0":7,"1":7,"2":7,"3":7,"4":7,"5":7,"6":7,"7":7,"8":7,"9":7},"f":{"0":7},"b":{},"_coverageSchema":"332fd63041d2c1bcb487cc26dd0d5f7d97098a6c","hash":"3745d19873ac3d4bfd7e826185c7ef1ba5a1e821"}
,"E:\\Deal\\NodeJs\\udemy\\seubarriga\\src\\errors\\forbiddenError.js": {"path":"E:\\Deal\\NodeJs\\udemy\\seubarriga\\src\\errors\\forbiddenError.js","statementMap":{"0":{"start":{"line":2,"column":0},"end":{"line":5,"column":2}},"1":{"start":{"line":3,"column":2},"end":{"line":3,"column":31}},"2":{"start":{"line":4,"column":2},"end":{"line":4,"column":25}}},"fnMap":{"0":{"name":"forbiddenError","decl":{"start":{"line":2,"column":26},"end":{"line":2,"column":40}},"loc":{"start":{"line":2,"column":115},"end":{"line":5,"column":1}},"line":2}},"branchMap":{"0":{"loc":{"start":{"line":2,"column":41},"end":{"line":2,"column":113}},"type":"default-arg","locations":[{"start":{"line":2,"column":51},"end":{"line":2,"column":113}}],"line":2}},"s":{"0":7,"1":5,"2":5},"f":{"0":5},"b":{"0":[5]},"_coverageSchema":"332fd63041d2c1bcb487cc26dd0d5f7d97098a6c","hash":"fe04701d162108102683ccb1eca7f092ebfb50fa"}
,"E:\\Deal\\NodeJs\\udemy\\seubarriga\\src\\errors\\validationError.js": {"path":"E:\\Deal\\NodeJs\\udemy\\seubarriga\\src\\errors\\validationError.js","statementMap":{"0":{"start":{"line":2,"column":0},"end":{"line":5,"column":2}},"1":{"start":{"line":3,"column":2},"end":{"line":3,"column":32}},"2":{"start":{"line":4,"column":2},"end":{"line":4,"column":25}}},"fnMap":{"0":{"name":"validationError","decl":{"start":{"line":2,"column":26},"end":{"line":2,"column":41}},"loc":{"start":{"line":2,"column":51},"end":{"line":5,"column":1}},"line":2}},"branchMap":{},"s":{"0":7,"1":29,"2":29},"f":{"0":29},"b":{},"_coverageSchema":"332fd63041d2c1bcb487cc26dd0d5f7d97098a6c","hash":"82af90d2e5abc96529dde1e2b6889b1decdd8fbc"}
,"E:\\Deal\\NodeJs\\udemy\\seubarriga\\src\\routes\\accounts.js": {"path":"E:\\Deal\\NodeJs\\udemy\\seubarriga\\src\\routes\\accounts.js","statementMap":{"0":{"start":{"line":2,"column":16},"end":{"line":2,"column":34}},"1":{"start":{"line":4,"column":23},"end":{"line":4,"column":58}},"2":{"start":{"line":6,"column":0},"end":{"line":53,"column":1}},"3":{"start":{"line":8,"column":17},"end":{"line":8,"column":33}},"4":{"start":{"line":10,"column":2},"end":{"line":19,"column":5}},"5":{"start":{"line":11,"column":4},"end":{"line":18,"column":33}},"6":{"start":{"line":13,"column":8},"end":{"line":17,"column":9}},"7":{"start":{"line":14,"column":10},"end":{"line":14,"column":36}},"8":{"start":{"line":16,"column":10},"end":{"line":16,"column":16}},"9":{"start":{"line":18,"column":22},"end":{"line":18,"column":31}},"10":{"start":{"line":21,"column":2},"end":{"line":25,"column":5}},"11":{"start":{"line":22,"column":4},"end":{"line":24,"column":31}},"12":{"start":{"line":23,"column":22},"end":{"line":23,"column":50}},"13":{"start":{"line":24,"column":20},"end":{"line":24,"column":29}},"14":{"start":{"line":27,"column":2},"end":{"line":31,"column":5}},"15":{"start":{"line":28,"column":4},"end":{"line":30,"column":31}},"16":{"start":{"line":29,"column":22},"end":{"line":29,"column":50}},"17":{"start":{"line":30,"column":20},"end":{"line":30,"column":29}},"18":{"start":{"line":33,"column":2},"end":{"line":38,"column":5}},"19":{"start":{"line":34,"column":20},"end":{"line":34,"column":57}},"20":{"start":{"line":35,"column":4},"end":{"line":37,"column":31}},"21":{"start":{"line":36,"column":22},"end":{"line":36,"column":53}},"22":{"start":{"line":37,"column":20},"end":{"line":37,"column":29}},"23":{"start":{"line":40,"column":2},"end":{"line":44,"column":5}},"24":{"start":{"line":41,"column":4},"end":{"line":43,"column":31}},"25":{"start":{"line":42,"column":22},"end":{"line":42,"column":53}},"26":{"start":{"line":43,"column":20},"end":{"line":43,"column":29}},"27":{"start":{"line":46,"column":2},"end":{"line":50,"column":5}},"28":{"start":{"line":47,"column":5},"end":{"line":49,"column":31}},"29":{"start":{"line":48,"column":18},"end":{"line":48,"column":40}},"30":{"start":{"line":49,"column":20},"end":{"line":49,"column":29}},"31":{"start":{"line":52,"column":2},"end":{"line":52,"column":16}}},"fnMap":{"0":{"name":"(anonymous_0)","decl":{"start":{"line":6,"column":17},"end":{"line":6,"column":18}},"loc":{"start":{"line":6,"column":26},"end":{"line":53,"column":1}},"line":6},"1":{"name":"(anonymous_1)","decl":{"start":{"line":10,"column":21},"end":{"line":10,"column":22}},"loc":{"start":{"line":10,"column":41},"end":{"line":19,"column":3}},"line":10},"2":{"name":"(anonymous_2)","decl":{"start":{"line":12,"column":12},"end":{"line":12,"column":13}},"loc":{"start":{"line":12,"column":19},"end":{"line":18,"column":7}},"line":12},"3":{"name":"(anonymous_3)","decl":{"start":{"line":18,"column":15},"end":{"line":18,"column":16}},"loc":{"start":{"line":18,"column":22},"end":{"line":18,"column":31}},"line":18},"4":{"name":"(anonymous_4)","decl":{"start":{"line":21,"column":18},"end":{"line":21,"column":19}},"loc":{"start":{"line":21,"column":38},"end":{"line":25,"column":3}},"line":21},"5":{"name":"(anonymous_5)","decl":{"start":{"line":23,"column":12},"end":{"line":23,"column":13}},"loc":{"start":{"line":23,"column":22},"end":{"line":23,"column":50}},"line":23},"6":{"name":"(anonymous_6)","decl":{"start":{"line":24,"column":13},"end":{"line":24,"column":14}},"loc":{"start":{"line":24,"column":20},"end":{"line":24,"column":29}},"line":24},"7":{"name":"(anonymous_7)","decl":{"start":{"line":27,"column":21},"end":{"line":27,"column":22}},"loc":{"start":{"line":27,"column":41},"end":{"line":31,"column":3}},"line":27},"8":{"name":"(anonymous_8)","decl":{"start":{"line":29,"column":12},"end":{"line":29,"column":13}},"loc":{"start":{"line":29,"column":22},"end":{"line":29,"column":50}},"line":29},"9":{"name":"(anonymous_9)","decl":{"start":{"line":30,"column":13},"end":{"line":30,"column":14}},"loc":{"start":{"line":30,"column":20},"end":{"line":30,"column":29}},"line":30},"10":{"name":"(anonymous_10)","decl":{"start":{"line":33,"column":19},"end":{"line":33,"column":20}},"loc":{"start":{"line":33,"column":39},"end":{"line":38,"column":3}},"line":33},"11":{"name":"(anonymous_11)","decl":{"start":{"line":36,"column":12},"end":{"line":36,"column":13}},"loc":{"start":{"line":36,"column":22},"end":{"line":36,"column":53}},"line":36},"12":{"name":"(anonymous_12)","decl":{"start":{"line":37,"column":13},"end":{"line":37,"column":14}},"loc":{"start":{"line":37,"column":20},"end":{"line":37,"column":29}},"line":37},"13":{"name":"(anonymous_13)","decl":{"start":{"line":40,"column":21},"end":{"line":40,"column":22}},"loc":{"start":{"line":40,"column":41},"end":{"line":44,"column":3}},"line":40},"14":{"name":"(anonymous_14)","decl":{"start":{"line":42,"column":12},"end":{"line":42,"column":13}},"loc":{"start":{"line":42,"column":22},"end":{"line":42,"column":53}},"line":42},"15":{"name":"(anonymous_15)","decl":{"start":{"line":43,"column":13},"end":{"line":43,"column":14}},"loc":{"start":{"line":43,"column":20},"end":{"line":43,"column":29}},"line":43},"16":{"name":"(anonymous_16)","decl":{"start":{"line":46,"column":24},"end":{"line":46,"column":25}},"loc":{"start":{"line":46,"column":44},"end":{"line":50,"column":3}},"line":46},"17":{"name":"(anonymous_17)","decl":{"start":{"line":48,"column":12},"end":{"line":48,"column":13}},"loc":{"start":{"line":48,"column":18},"end":{"line":48,"column":40}},"line":48},"18":{"name":"(anonymous_18)","decl":{"start":{"line":49,"column":13},"end":{"line":49,"column":14}},"loc":{"start":{"line":49,"column":20},"end":{"line":49,"column":29}},"line":49}},"branchMap":{"0":{"loc":{"start":{"line":13,"column":8},"end":{"line":17,"column":9}},"type":"if","locations":[{"start":{"line":13,"column":8},"end":{"line":17,"column":9}},{"start":{"line":13,"column":8},"end":{"line":17,"column":9}}],"line":13}},"s":{"0":7,"1":7,"2":7,"3":7,"4":7,"5":7,"6":7,"7":3,"8":4,"9":3,"10":7,"11":2,"12":2,"13":0,"14":7,"15":1,"16":1,"17":0,"18":7,"19":3,"20":3,"21":1,"22":2,"23":7,"24":1,"25":1,"26":0,"27":7,"28":2,"29":1,"30":1,"31":7},"f":{"0":7,"1":7,"2":7,"3":3,"4":2,"5":2,"6":0,"7":1,"8":1,"9":0,"10":3,"11":1,"12":2,"13":1,"14":1,"15":0,"16":2,"17":1,"18":1},"b":{"0":[3,4]},"_coverageSchema":"332fd63041d2c1bcb487cc26dd0d5f7d97098a6c","hash":"6056cdeec6504c48e6faa2d7914922d347e7b56b"}
,"E:\\Deal\\NodeJs\\udemy\\seubarriga\\src\\routes\\auth.js": {"path":"E:\\Deal\\NodeJs\\udemy\\seubarriga\\src\\routes\\auth.js","statementMap":{"0":{"start":{"line":2,"column":16},"end":{"line":2,"column":34}},"1":{"start":{"line":3,"column":12},"end":{"line":3,"column":33}},"2":{"start":{"line":4,"column":15},"end":{"line":4,"column":39}},"3":{"start":{"line":5,"column":24},"end":{"line":5,"column":60}},"4":{"start":{"line":7,"column":15},"end":{"line":7,"column":25}},"5":{"start":{"line":9,"column":0},"end":{"line":44,"column":1}},"6":{"start":{"line":11,"column":17},"end":{"line":11,"column":33}},"7":{"start":{"line":13,"column":2},"end":{"line":32,"column":5}},"8":{"start":{"line":14,"column":4},"end":{"line":31,"column":31}},"9":{"start":{"line":16,"column":8},"end":{"line":18,"column":9}},"10":{"start":{"line":17,"column":10},"end":{"line":17,"column":63}},"11":{"start":{"line":19,"column":8},"end":{"line":29,"column":9}},"12":{"start":{"line":20,"column":26},"end":{"line":24,"column":11}},"13":{"start":{"line":25,"column":24},"end":{"line":25,"column":51}},"14":{"start":{"line":26,"column":10},"end":{"line":26,"column":41}},"15":{"start":{"line":28,"column":10},"end":{"line":28,"column":63}},"16":{"start":{"line":31,"column":20},"end":{"line":31,"column":29}},"17":{"start":{"line":34,"column":2},"end":{"line":41,"column":5}},"18":{"start":{"line":35,"column":4},"end":{"line":40,"column":5}},"19":{"start":{"line":36,"column":21},"end":{"line":36,"column":59}},"20":{"start":{"line":37,"column":6},"end":{"line":37,"column":45}},"21":{"start":{"line":39,"column":6},"end":{"line":39,"column":23}},"22":{"start":{"line":43,"column":2},"end":{"line":43,"column":16}}},"fnMap":{"0":{"name":"(anonymous_0)","decl":{"start":{"line":9,"column":17},"end":{"line":9,"column":18}},"loc":{"start":{"line":9,"column":26},"end":{"line":44,"column":1}},"line":9},"1":{"name":"(anonymous_1)","decl":{"start":{"line":13,"column":25},"end":{"line":13,"column":26}},"loc":{"start":{"line":13,"column":51},"end":{"line":32,"column":3}},"line":13},"2":{"name":"(anonymous_2)","decl":{"start":{"line":15,"column":12},"end":{"line":15,"column":13}},"loc":{"start":{"line":15,"column":20},"end":{"line":30,"column":7}},"line":15},"3":{"name":"(anonymous_3)","decl":{"start":{"line":31,"column":13},"end":{"line":31,"column":14}},"loc":{"start":{"line":31,"column":20},"end":{"line":31,"column":29}},"line":31},"4":{"name":"(anonymous_4)","decl":{"start":{"line":34,"column":25},"end":{"line":34,"column":26}},"loc":{"start":{"line":34,"column":51},"end":{"line":41,"column":3}},"line":34}},"branchMap":{"0":{"loc":{"start":{"line":16,"column":8},"end":{"line":18,"column":9}},"type":"if","locations":[{"start":{"line":16,"column":8},"end":{"line":18,"column":9}},{"start":{"line":16,"column":8},"end":{"line":18,"column":9}}],"line":16},"1":{"loc":{"start":{"line":19,"column":8},"end":{"line":29,"column":9}},"type":"if","locations":[{"start":{"line":19,"column":8},"end":{"line":29,"column":9}},{"start":{"line":19,"column":8},"end":{"line":29,"column":9}}],"line":19}},"s":{"0":7,"1":7,"2":7,"3":7,"4":7,"5":7,"6":7,"7":7,"8":3,"9":3,"10":1,"11":2,"12":1,"13":1,"14":1,"15":1,"16":2,"17":7,"18":1,"19":1,"20":1,"21":0,"22":7},"f":{"0":7,"1":3,"2":3,"3":2,"4":1},"b":{"0":[1,2],"1":[1,1]},"_coverageSchema":"332fd63041d2c1bcb487cc26dd0d5f7d97098a6c","hash":"c285c48a7131491c4d48b3e02625e0275b7b1d9e"}
,"E:\\Deal\\NodeJs\\udemy\\seubarriga\\src\\routes\\balance.js": {"path":"E:\\Deal\\NodeJs\\udemy\\seubarriga\\src\\routes\\balance.js","statementMap":{"0":{"start":{"line":2,"column":16},"end":{"line":2,"column":34}},"1":{"start":{"line":4,"column":0},"end":{"line":16,"column":2}},"2":{"start":{"line":6,"column":17},"end":{"line":6,"column":33}},"3":{"start":{"line":8,"column":2},"end":{"line":12,"column":4}},"4":{"start":{"line":9,"column":4},"end":{"line":11,"column":31}},"5":{"start":{"line":10,"column":22},"end":{"line":10,"column":50}},"6":{"start":{"line":11,"column":20},"end":{"line":11,"column":29}},"7":{"start":{"line":14,"column":2},"end":{"line":14,"column":16}}},"fnMap":{"0":{"name":"(anonymous_0)","decl":{"start":{"line":4,"column":17},"end":{"line":4,"column":18}},"loc":{"start":{"line":4,"column":26},"end":{"line":16,"column":1}},"line":4},"1":{"name":"(anonymous_1)","decl":{"start":{"line":8,"column":18},"end":{"line":8,"column":19}},"loc":{"start":{"line":8,"column":38},"end":{"line":12,"column":3}},"line":8},"2":{"name":"(anonymous_2)","decl":{"start":{"line":10,"column":12},"end":{"line":10,"column":13}},"loc":{"start":{"line":10,"column":22},"end":{"line":10,"column":50}},"line":10},"3":{"name":"(anonymous_3)","decl":{"start":{"line":11,"column":13},"end":{"line":11,"column":14}},"loc":{"start":{"line":11,"column":20},"end":{"line":11,"column":29}},"line":11}},"branchMap":{},"s":{"0":7,"1":7,"2":7,"3":7,"4":10,"5":10,"6":0,"7":7},"f":{"0":7,"1":10,"2":10,"3":0},"b":{},"_coverageSchema":"332fd63041d2c1bcb487cc26dd0d5f7d97098a6c","hash":"09d3391b607e816aad689f9da43c050980f11389"}
,"E:\\Deal\\NodeJs\\udemy\\seubarriga\\src\\routes\\transactions.js": {"path":"E:\\Deal\\NodeJs\\udemy\\seubarriga\\src\\routes\\transactions.js","statementMap":{"0":{"start":{"line":2,"column":16},"end":{"line":2,"column":34}},"1":{"start":{"line":4,"column":23},"end":{"line":4,"column":58}},"2":{"start":{"line":6,"column":0},"end":{"line":56,"column":2}},"3":{"start":{"line":8,"column":17},"end":{"line":8,"column":33}},"4":{"start":{"line":10,"column":2},"end":{"line":19,"column":5}},"5":{"start":{"line":11,"column":4},"end":{"line":18,"column":33}},"6":{"start":{"line":13,"column":8},"end":{"line":17,"column":9}},"7":{"start":{"line":14,"column":10},"end":{"line":14,"column":17}},"8":{"start":{"line":16,"column":10},"end":{"line":16,"column":37}},"9":{"start":{"line":18,"column":22},"end":{"line":18,"column":31}},"10":{"start":{"line":21,"column":2},"end":{"line":25,"column":5}},"11":{"start":{"line":22,"column":4},"end":{"line":24,"column":31}},"12":{"start":{"line":23,"column":22},"end":{"line":23,"column":50}},"13":{"start":{"line":24,"column":20},"end":{"line":24,"column":29}},"14":{"start":{"line":27,"column":2},"end":{"line":34,"column":5}},"15":{"start":{"line":28,"column":4},"end":{"line":33,"column":5}},"16":{"start":{"line":29,"column":26},"end":{"line":29,"column":87}},"17":{"start":{"line":30,"column":6},"end":{"line":30,"column":47}},"18":{"start":{"line":32,"column":6},"end":{"line":32,"column":16}},"19":{"start":{"line":36,"column":2},"end":{"line":40,"column":5}},"20":{"start":{"line":37,"column":4},"end":{"line":39,"column":31}},"21":{"start":{"line":38,"column":22},"end":{"line":38,"column":53}},"22":{"start":{"line":39,"column":20},"end":{"line":39,"column":29}},"23":{"start":{"line":42,"column":2},"end":{"line":46,"column":5}},"24":{"start":{"line":43,"column":4},"end":{"line":45,"column":31}},"25":{"start":{"line":44,"column":22},"end":{"line":44,"column":53}},"26":{"start":{"line":45,"column":20},"end":{"line":45,"column":29}},"27":{"start":{"line":48,"column":2},"end":{"line":52,"column":5}},"28":{"start":{"line":49,"column":5},"end":{"line":51,"column":31}},"29":{"start":{"line":50,"column":18},"end":{"line":50,"column":40}},"30":{"start":{"line":51,"column":20},"end":{"line":51,"column":29}},"31":{"start":{"line":54,"column":2},"end":{"line":54,"column":16}}},"fnMap":{"0":{"name":"(anonymous_0)","decl":{"start":{"line":6,"column":17},"end":{"line":6,"column":18}},"loc":{"start":{"line":6,"column":26},"end":{"line":56,"column":1}},"line":6},"1":{"name":"(anonymous_1)","decl":{"start":{"line":10,"column":21},"end":{"line":10,"column":22}},"loc":{"start":{"line":10,"column":41},"end":{"line":19,"column":3}},"line":10},"2":{"name":"(anonymous_2)","decl":{"start":{"line":12,"column":12},"end":{"line":12,"column":13}},"loc":{"start":{"line":12,"column":21},"end":{"line":18,"column":7}},"line":12},"3":{"name":"(anonymous_3)","decl":{"start":{"line":18,"column":15},"end":{"line":18,"column":16}},"loc":{"start":{"line":18,"column":22},"end":{"line":18,"column":31}},"line":18},"4":{"name":"(anonymous_4)","decl":{"start":{"line":21,"column":18},"end":{"line":21,"column":19}},"loc":{"start":{"line":21,"column":38},"end":{"line":25,"column":3}},"line":21},"5":{"name":"(anonymous_5)","decl":{"start":{"line":23,"column":12},"end":{"line":23,"column":13}},"loc":{"start":{"line":23,"column":22},"end":{"line":23,"column":50}},"line":23},"6":{"name":"(anonymous_6)","decl":{"start":{"line":24,"column":13},"end":{"line":24,"column":14}},"loc":{"start":{"line":24,"column":20},"end":{"line":24,"column":29}},"line":24},"7":{"name":"(anonymous_7)","decl":{"start":{"line":27,"column":21},"end":{"line":27,"column":22}},"loc":{"start":{"line":27,"column":47},"end":{"line":34,"column":3}},"line":27},"8":{"name":"(anonymous_8)","decl":{"start":{"line":36,"column":19},"end":{"line":36,"column":20}},"loc":{"start":{"line":36,"column":39},"end":{"line":40,"column":3}},"line":36},"9":{"name":"(anonymous_9)","decl":{"start":{"line":38,"column":12},"end":{"line":38,"column":13}},"loc":{"start":{"line":38,"column":22},"end":{"line":38,"column":53}},"line":38},"10":{"name":"(anonymous_10)","decl":{"start":{"line":39,"column":13},"end":{"line":39,"column":14}},"loc":{"start":{"line":39,"column":20},"end":{"line":39,"column":29}},"line":39},"11":{"name":"(anonymous_11)","decl":{"start":{"line":42,"column":21},"end":{"line":42,"column":22}},"loc":{"start":{"line":42,"column":41},"end":{"line":46,"column":3}},"line":42},"12":{"name":"(anonymous_12)","decl":{"start":{"line":44,"column":12},"end":{"line":44,"column":13}},"loc":{"start":{"line":44,"column":22},"end":{"line":44,"column":53}},"line":44},"13":{"name":"(anonymous_13)","decl":{"start":{"line":45,"column":13},"end":{"line":45,"column":14}},"loc":{"start":{"line":45,"column":20},"end":{"line":45,"column":29}},"line":45},"14":{"name":"(anonymous_14)","decl":{"start":{"line":48,"column":24},"end":{"line":48,"column":25}},"loc":{"start":{"line":48,"column":44},"end":{"line":52,"column":3}},"line":48},"15":{"name":"(anonymous_15)","decl":{"start":{"line":50,"column":12},"end":{"line":50,"column":13}},"loc":{"start":{"line":50,"column":18},"end":{"line":50,"column":40}},"line":50},"16":{"name":"(anonymous_16)","decl":{"start":{"line":51,"column":13},"end":{"line":51,"column":14}},"loc":{"start":{"line":51,"column":20},"end":{"line":51,"column":29}},"line":51}},"branchMap":{"0":{"loc":{"start":{"line":13,"column":8},"end":{"line":17,"column":9}},"type":"if","locations":[{"start":{"line":13,"column":8},"end":{"line":17,"column":9}},{"start":{"line":13,"column":8},"end":{"line":17,"column":9}}],"line":13}},"s":{"0":7,"1":7,"2":7,"3":7,"4":7,"5":4,"6":4,"7":3,"8":1,"9":1,"10":7,"11":2,"12":2,"13":0,"14":7,"15":1,"16":1,"17":1,"18":0,"19":7,"20":16,"21":10,"22":6,"23":7,"24":1,"25":1,"26":0,"27":7,"28":1,"29":1,"30":0,"31":7},"f":{"0":7,"1":4,"2":4,"3":1,"4":2,"5":2,"6":0,"7":1,"8":16,"9":10,"10":6,"11":1,"12":1,"13":0,"14":1,"15":1,"16":0},"b":{"0":[3,1]},"_coverageSchema":"332fd63041d2c1bcb487cc26dd0d5f7d97098a6c","hash":"e69a2a6b3bdd98725987279273f99d4c152033c9"}
,"E:\\Deal\\NodeJs\\udemy\\seubarriga\\src\\routes\\transfers.js": {"path":"E:\\Deal\\NodeJs\\udemy\\seubarriga\\src\\routes\\transfers.js","statementMap":{"0":{"start":{"line":2,"column":16},"end":{"line":2,"column":34}},"1":{"start":{"line":4,"column":23},"end":{"line":4,"column":58}},"2":{"start":{"line":6,"column":0},"end":{"line":61,"column":1}},"3":{"start":{"line":8,"column":17},"end":{"line":8,"column":33}},"4":{"start":{"line":10,"column":2},"end":{"line":19,"column":5}},"5":{"start":{"line":11,"column":4},"end":{"line":18,"column":33}},"6":{"start":{"line":13,"column":8},"end":{"line":17,"column":9}},"7":{"start":{"line":14,"column":10},"end":{"line":14,"column":36}},"8":{"start":{"line":16,"column":10},"end":{"line":16,"column":16}},"9":{"start":{"line":18,"column":22},"end":{"line":18,"column":31}},"10":{"start":{"line":21,"column":19},"end":{"line":25,"column":3}},"11":{"start":{"line":22,"column":4},"end":{"line":24,"column":31}},"12":{"start":{"line":23,"column":18},"end":{"line":23,"column":24}},"13":{"start":{"line":24,"column":20},"end":{"line":24,"column":29}},"14":{"start":{"line":27,"column":2},"end":{"line":34,"column":5}},"15":{"start":{"line":28,"column":4},"end":{"line":33,"column":5}},"16":{"start":{"line":29,"column":23},"end":{"line":29,"column":76}},"17":{"start":{"line":30,"column":6},"end":{"line":30,"column":44}},"18":{"start":{"line":32,"column":6},"end":{"line":32,"column":16}},"19":{"start":{"line":36,"column":2},"end":{"line":40,"column":5}},"20":{"start":{"line":37,"column":4},"end":{"line":39,"column":31}},"21":{"start":{"line":38,"column":22},"end":{"line":38,"column":50}},"22":{"start":{"line":39,"column":20},"end":{"line":39,"column":29}},"23":{"start":{"line":42,"column":2},"end":{"line":46,"column":5}},"24":{"start":{"line":43,"column":4},"end":{"line":45,"column":31}},"25":{"start":{"line":44,"column":22},"end":{"line":44,"column":53}},"26":{"start":{"line":45,"column":20},"end":{"line":45,"column":29}},"27":{"start":{"line":48,"column":2},"end":{"line":52,"column":5}},"28":{"start":{"line":49,"column":4},"end":{"line":51,"column":31}},"29":{"start":{"line":50,"column":22},"end":{"line":50,"column":53}},"30":{"start":{"line":51,"column":20},"end":{"line":51,"column":29}},"31":{"start":{"line":54,"column":2},"end":{"line":58,"column":4}},"32":{"start":{"line":55,"column":4},"end":{"line":57,"column":30}},"33":{"start":{"line":56,"column":17},"end":{"line":56,"column":39}},"34":{"start":{"line":57,"column":19},"end":{"line":57,"column":28}},"35":{"start":{"line":60,"column":2},"end":{"line":60,"column":16}}},"fnMap":{"0":{"name":"(anonymous_0)","decl":{"start":{"line":6,"column":17},"end":{"line":6,"column":18}},"loc":{"start":{"line":6,"column":26},"end":{"line":61,"column":1}},"line":6},"1":{"name":"(anonymous_1)","decl":{"start":{"line":10,"column":21},"end":{"line":10,"column":22}},"loc":{"start":{"line":10,"column":41},"end":{"line":19,"column":3}},"line":10},"2":{"name":"(anonymous_2)","decl":{"start":{"line":12,"column":12},"end":{"line":12,"column":13}},"loc":{"start":{"line":12,"column":24},"end":{"line":18,"column":7}},"line":12},"3":{"name":"(anonymous_3)","decl":{"start":{"line":18,"column":15},"end":{"line":18,"column":16}},"loc":{"start":{"line":18,"column":22},"end":{"line":18,"column":31}},"line":18},"4":{"name":"(anonymous_4)","decl":{"start":{"line":21,"column":19},"end":{"line":21,"column":20}},"loc":{"start":{"line":21,"column":39},"end":{"line":25,"column":3}},"line":21},"5":{"name":"(anonymous_5)","decl":{"start":{"line":23,"column":12},"end":{"line":23,"column":13}},"loc":{"start":{"line":23,"column":18},"end":{"line":23,"column":24}},"line":23},"6":{"name":"(anonymous_6)","decl":{"start":{"line":24,"column":13},"end":{"line":24,"column":14}},"loc":{"start":{"line":24,"column":20},"end":{"line":24,"column":29}},"line":24},"7":{"name":"(anonymous_7)","decl":{"start":{"line":27,"column":18},"end":{"line":27,"column":19}},"loc":{"start":{"line":27,"column":44},"end":{"line":34,"column":3}},"line":27},"8":{"name":"(anonymous_8)","decl":{"start":{"line":36,"column":21},"end":{"line":36,"column":22}},"loc":{"start":{"line":36,"column":41},"end":{"line":40,"column":3}},"line":36},"9":{"name":"(anonymous_9)","decl":{"start":{"line":38,"column":12},"end":{"line":38,"column":13}},"loc":{"start":{"line":38,"column":22},"end":{"line":38,"column":50}},"line":38},"10":{"name":"(anonymous_10)","decl":{"start":{"line":39,"column":13},"end":{"line":39,"column":14}},"loc":{"start":{"line":39,"column":20},"end":{"line":39,"column":29}},"line":39},"11":{"name":"(anonymous_11)","decl":{"start":{"line":42,"column":29},"end":{"line":42,"column":30}},"loc":{"start":{"line":42,"column":49},"end":{"line":46,"column":3}},"line":42},"12":{"name":"(anonymous_12)","decl":{"start":{"line":44,"column":12},"end":{"line":44,"column":13}},"loc":{"start":{"line":44,"column":22},"end":{"line":44,"column":53}},"line":44},"13":{"name":"(anonymous_13)","decl":{"start":{"line":45,"column":13},"end":{"line":45,"column":14}},"loc":{"start":{"line":45,"column":20},"end":{"line":45,"column":29}},"line":45},"14":{"name":"(anonymous_14)","decl":{"start":{"line":48,"column":31},"end":{"line":48,"column":32}},"loc":{"start":{"line":48,"column":51},"end":{"line":52,"column":3}},"line":48},"15":{"name":"(anonymous_15)","decl":{"start":{"line":50,"column":12},"end":{"line":50,"column":13}},"loc":{"start":{"line":50,"column":22},"end":{"line":50,"column":53}},"line":50},"16":{"name":"(anonymous_16)","decl":{"start":{"line":51,"column":13},"end":{"line":51,"column":14}},"loc":{"start":{"line":51,"column":20},"end":{"line":51,"column":29}},"line":51},"17":{"name":"(anonymous_17)","decl":{"start":{"line":54,"column":24},"end":{"line":54,"column":25}},"loc":{"start":{"line":54,"column":44},"end":{"line":58,"column":2}},"line":54},"18":{"name":"(anonymous_18)","decl":{"start":{"line":56,"column":11},"end":{"line":56,"column":12}},"loc":{"start":{"line":56,"column":17},"end":{"line":56,"column":39}},"line":56},"19":{"name":"(anonymous_19)","decl":{"start":{"line":57,"column":12},"end":{"line":57,"column":13}},"loc":{"start":{"line":57,"column":19},"end":{"line":57,"column":28}},"line":57}},"branchMap":{"0":{"loc":{"start":{"line":13,"column":8},"end":{"line":17,"column":9}},"type":"if","locations":[{"start":{"line":13,"column":8},"end":{"line":17,"column":9}},{"start":{"line":13,"column":8},"end":{"line":17,"column":9}}],"line":13}},"s":{"0":7,"1":7,"2":7,"3":7,"4":7,"5":11,"6":11,"7":1,"8":10,"9":1,"10":7,"11":18,"12":4,"13":14,"14":7,"15":1,"16":1,"17":1,"18":0,"19":7,"20":1,"21":1,"22":0,"23":7,"24":3,"25":3,"26":0,"27":7,"28":1,"29":1,"30":0,"31":7,"32":1,"33":1,"34":0,"35":7},"f":{"0":7,"1":11,"2":11,"3":1,"4":18,"5":4,"6":14,"7":1,"8":1,"9":1,"10":0,"11":3,"12":3,"13":0,"14":1,"15":1,"16":0,"17":1,"18":1,"19":0},"b":{"0":[1,10]},"_coverageSchema":"332fd63041d2c1bcb487cc26dd0d5f7d97098a6c","hash":"4259b53779606e3e690c84d94ad0a08382c9aa76"}
,"E:\\Deal\\NodeJs\\udemy\\seubarriga\\src\\routes\\users.js": {"path":"E:\\Deal\\NodeJs\\udemy\\seubarriga\\src\\routes\\users.js","statementMap":{"0":{"start":{"line":2,"column":16},"end":{"line":2,"column":34}},"1":{"start":{"line":4,"column":0},"end":{"line":24,"column":1}},"2":{"start":{"line":6,"column":17},"end":{"line":6,"column":33}},"3":{"start":{"line":8,"column":2},"end":{"line":12,"column":5}},"4":{"start":{"line":9,"column":4},"end":{"line":11,"column":31}},"5":{"start":{"line":10,"column":22},"end":{"line":10,"column":50}},"6":{"start":{"line":11,"column":20},"end":{"line":11,"column":29}},"7":{"start":{"line":14,"column":2},"end":{"line":21,"column":5}},"8":{"start":{"line":15,"column":4},"end":{"line":20,"column":5}},"9":{"start":{"line":16,"column":21},"end":{"line":16,"column":59}},"10":{"start":{"line":17,"column":6},"end":{"line":17,"column":45}},"11":{"start":{"line":19,"column":6},"end":{"line":19,"column":23}},"12":{"start":{"line":23,"column":2},"end":{"line":23,"column":15}}},"fnMap":{"0":{"name":"(anonymous_0)","decl":{"start":{"line":4,"column":17},"end":{"line":4,"column":18}},"loc":{"start":{"line":4,"column":26},"end":{"line":24,"column":1}},"line":4},"1":{"name":"(anonymous_1)","decl":{"start":{"line":8,"column":18},"end":{"line":8,"column":19}},"loc":{"start":{"line":8,"column":44},"end":{"line":12,"column":3}},"line":8},"2":{"name":"(anonymous_2)","decl":{"start":{"line":10,"column":12},"end":{"line":10,"column":13}},"loc":{"start":{"line":10,"column":22},"end":{"line":10,"column":50}},"line":10},"3":{"name":"(anonymous_3)","decl":{"start":{"line":11,"column":13},"end":{"line":11,"column":14}},"loc":{"start":{"line":11,"column":20},"end":{"line":11,"column":29}},"line":11},"4":{"name":"(anonymous_4)","decl":{"start":{"line":14,"column":19},"end":{"line":14,"column":20}},"loc":{"start":{"line":14,"column":45},"end":{"line":21,"column":3}},"line":14}},"branchMap":{},"s":{"0":7,"1":7,"2":7,"3":7,"4":1,"5":1,"6":0,"7":7,"8":6,"9":6,"10":2,"11":4,"12":7},"f":{"0":7,"1":1,"2":1,"3":0,"4":6},"b":{},"_coverageSchema":"332fd63041d2c1bcb487cc26dd0d5f7d97098a6c","hash":"3c10c8c54ed935dcb3a9cad1a5eb663bcff2a8b7"}
,"E:\\Deal\\NodeJs\\udemy\\seubarriga\\src\\seeds\\01_transfer.js": {"path":"E:\\Deal\\NodeJs\\udemy\\seubarriga\\src\\seeds\\01_transfer.js","statementMap":{"0":{"start":{"line":2,"column":0},"end":{"line":28,"column":2}},"1":{"start":{"line":4,"column":2},"end":{"line":27,"column":8}},"2":{"start":{"line":5,"column":16},"end":{"line":5,"column":39}},"3":{"start":{"line":6,"column":16},"end":{"line":6,"column":38}},"4":{"start":{"line":7,"column":16},"end":{"line":7,"column":35}},"5":{"start":{"line":8,"column":16},"end":{"line":11,"column":6}},"6":{"start":{"line":12,"column":16},"end":{"line":17,"column":6}},"7":{"start":{"line":18,"column":16},"end":{"line":21,"column":6}},"8":{"start":{"line":22,"column":16},"end":{"line":27,"column":6}}},"fnMap":{"0":{"name":"(anonymous_0)","decl":{"start":{"line":2,"column":15},"end":{"line":2,"column":16}},"loc":{"start":{"line":2,"column":25},"end":{"line":28,"column":1}},"line":2},"1":{"name":"(anonymous_1)","decl":{"start":{"line":5,"column":10},"end":{"line":5,"column":11}},"loc":{"start":{"line":5,"column":16},"end":{"line":5,"column":39}},"line":5},"2":{"name":"(anonymous_2)","decl":{"start":{"line":6,"column":10},"end":{"line":6,"column":11}},"loc":{"start":{"line":6,"column":16},"end":{"line":6,"column":38}},"line":6},"3":{"name":"(anonymous_3)","decl":{"start":{"line":7,"column":10},"end":{"line":7,"column":11}},"loc":{"start":{"line":7,"column":16},"end":{"line":7,"column":35}},"line":7},"4":{"name":"(anonymous_4)","decl":{"start":{"line":8,"column":10},"end":{"line":8,"column":11}},"loc":{"start":{"line":8,"column":16},"end":{"line":11,"column":6}},"line":8},"5":{"name":"(anonymous_5)","decl":{"start":{"line":12,"column":10},"end":{"line":12,"column":11}},"loc":{"start":{"line":12,"column":16},"end":{"line":17,"column":6}},"line":12},"6":{"name":"(anonymous_6)","decl":{"start":{"line":18,"column":10},"end":{"line":18,"column":11}},"loc":{"start":{"line":18,"column":16},"end":{"line":21,"column":6}},"line":18},"7":{"name":"(anonymous_7)","decl":{"start":{"line":22,"column":10},"end":{"line":22,"column":11}},"loc":{"start":{"line":22,"column":16},"end":{"line":27,"column":6}},"line":22}},"branchMap":{},"s":{"0":2,"1":2,"2":2,"3":2,"4":2,"5":2,"6":2,"7":2,"8":2},"f":{"0":2,"1":2,"2":2,"3":2,"4":2,"5":2,"6":2,"7":2},"b":{},"_coverageSchema":"332fd63041d2c1bcb487cc26dd0d5f7d97098a6c","hash":"4cf6df5d58a78de3a4b365dc1da9ef68ee5d905d"}
,"E:\\Deal\\NodeJs\\udemy\\seubarriga\\src\\seeds\\02_balance.js": {"path":"E:\\Deal\\NodeJs\\udemy\\seubarriga\\src\\seeds\\02_balance.js","statementMap":{"0":{"start":{"line":2,"column":15},"end":{"line":2,"column":32}},"1":{"start":{"line":4,"column":0},"end":{"line":35,"column":2}},"2":{"start":{"line":5,"column":2},"end":{"line":34,"column":6}},"3":{"start":{"line":10,"column":14},"end":{"line":17,"column":4}},"4":{"start":{"line":18,"column":14},"end":{"line":21,"column":4}},"5":{"start":{"line":22,"column":14},"end":{"line":34,"column":4}}},"fnMap":{"0":{"name":"(anonymous_0)","decl":{"start":{"line":4,"column":15},"end":{"line":4,"column":16}},"loc":{"start":{"line":4,"column":25},"end":{"line":35,"column":1}},"line":4},"1":{"name":"(anonymous_1)","decl":{"start":{"line":10,"column":8},"end":{"line":10,"column":9}},"loc":{"start":{"line":10,"column":14},"end":{"line":17,"column":4}},"line":10},"2":{"name":"(anonymous_2)","decl":{"start":{"line":18,"column":8},"end":{"line":18,"column":9}},"loc":{"start":{"line":18,"column":14},"end":{"line":21,"column":4}},"line":18},"3":{"name":"(anonymous_3)","decl":{"start":{"line":22,"column":8},"end":{"line":22,"column":9}},"loc":{"start":{"line":22,"column":14},"end":{"line":34,"column":4}},"line":22}},"branchMap":{},"s":{"0":2,"1":2,"2":2,"3":2,"4":2,"5":2},"f":{"0":2,"1":2,"2":2,"3":2},"b":{},"_coverageSchema":"332fd63041d2c1bcb487cc26dd0d5f7d97098a6c","hash":"39892d9354014effdcb83dfbedca6ec679a75699"}
,"E:\\Deal\\NodeJs\\udemy\\seubarriga\\src\\services\\account.js": {"path":"E:\\Deal\\NodeJs\\udemy\\seubarriga\\src\\services\\account.js","statementMap":{"0":{"start":{"line":2,"column":24},"end":{"line":2,"column":60}},"1":{"start":{"line":4,"column":0},"end":{"line":51,"column":1}},"2":{"start":{"line":6,"column":18},"end":{"line":8,"column":3}},"3":{"start":{"line":7,"column":4},"end":{"line":7,"column":57}},"4":{"start":{"line":10,"column":15},"end":{"line":12,"column":3}},"5":{"start":{"line":11,"column":4},"end":{"line":11,"column":52}},"6":{"start":{"line":14,"column":15},"end":{"line":29,"column":3}},"7":{"start":{"line":15,"column":4},"end":{"line":17,"column":5}},"8":{"start":{"line":16,"column":6},"end":{"line":16,"column":67}},"9":{"start":{"line":18,"column":4},"end":{"line":20,"column":5}},"10":{"start":{"line":19,"column":6},"end":{"line":19,"column":70}},"11":{"start":{"line":22,"column":18},"end":{"line":22,"column":78}},"12":{"start":{"line":24,"column":4},"end":{"line":26,"column":5}},"13":{"start":{"line":25,"column":6},"end":{"line":25,"column":79}},"14":{"start":{"line":28,"column":4},"end":{"line":28,"column":57}},"15":{"start":{"line":31,"column":17},"end":{"line":33,"column":3}},"16":{"start":{"line":32,"column":4},"end":{"line":32,"column":71}},"17":{"start":{"line":35,"column":17},"end":{"line":42,"column":3}},"18":{"start":{"line":36,"column":24},"end":{"line":36,"column":78}},"19":{"start":{"line":38,"column":4},"end":{"line":39,"column":76}},"20":{"start":{"line":39,"column":6},"end":{"line":39,"column":76}},"21":{"start":{"line":41,"column":4},"end":{"line":41,"column":56}},"22":{"start":{"line":44,"column":2},"end":{"line":50,"column":4}}},"fnMap":{"0":{"name":"(anonymous_0)","decl":{"start":{"line":4,"column":17},"end":{"line":4,"column":18}},"loc":{"start":{"line":4,"column":26},"end":{"line":51,"column":1}},"line":4},"1":{"name":"(anonymous_1)","decl":{"start":{"line":6,"column":18},"end":{"line":6,"column":19}},"loc":{"start":{"line":6,"column":30},"end":{"line":8,"column":3}},"line":6},"2":{"name":"(anonymous_2)","decl":{"start":{"line":10,"column":15},"end":{"line":10,"column":16}},"loc":{"start":{"line":10,"column":32},"end":{"line":12,"column":3}},"line":10},"3":{"name":"(anonymous_3)","decl":{"start":{"line":14,"column":15},"end":{"line":14,"column":16}},"loc":{"start":{"line":14,"column":34},"end":{"line":29,"column":3}},"line":14},"4":{"name":"(anonymous_4)","decl":{"start":{"line":31,"column":17},"end":{"line":31,"column":18}},"loc":{"start":{"line":31,"column":40},"end":{"line":33,"column":3}},"line":31},"5":{"name":"(anonymous_5)","decl":{"start":{"line":35,"column":17},"end":{"line":35,"column":18}},"loc":{"start":{"line":35,"column":31},"end":{"line":42,"column":3}},"line":35}},"branchMap":{"0":{"loc":{"start":{"line":10,"column":16},"end":{"line":10,"column":27}},"type":"default-arg","locations":[{"start":{"line":10,"column":25},"end":{"line":10,"column":27}}],"line":10},"1":{"loc":{"start":{"line":15,"column":4},"end":{"line":17,"column":5}},"type":"if","locations":[{"start":{"line":15,"column":4},"end":{"line":17,"column":5}},{"start":{"line":15,"column":4},"end":{"line":17,"column":5}}],"line":15},"2":{"loc":{"start":{"line":18,"column":4},"end":{"line":20,"column":5}},"type":"if","locations":[{"start":{"line":18,"column":4},"end":{"line":20,"column":5}},{"start":{"line":18,"column":4},"end":{"line":20,"column":5}}],"line":18},"3":{"loc":{"start":{"line":24,"column":4},"end":{"line":26,"column":5}},"type":"if","locations":[{"start":{"line":24,"column":4},"end":{"line":26,"column":5}},{"start":{"line":24,"column":4},"end":{"line":26,"column":5}}],"line":24},"4":{"loc":{"start":{"line":38,"column":4},"end":{"line":39,"column":76}},"type":"if","locations":[{"start":{"line":38,"column":4},"end":{"line":39,"column":76}},{"start":{"line":38,"column":4},"end":{"line":39,"column":76}}],"line":38}},"s":{"0":7,"1":7,"2":7,"3":2,"4":7,"5":10,"6":7,"7":3,"8":1,"9":2,"10":0,"11":2,"12":2,"13":1,"14":1,"15":7,"16":1,"17":7,"18":2,"19":2,"20":1,"21":1,"22":7},"f":{"0":7,"1":2,"2":10,"3":3,"4":1,"5":2},"b":{"0":[0],"1":[1,2],"2":[0,2],"3":[1,1],"4":[1,1]},"_coverageSchema":"332fd63041d2c1bcb487cc26dd0d5f7d97098a6c","hash":"ff1bd73eab6dc86bf68c99a90e6d3be88d539893"}
,"E:\\Deal\\NodeJs\\udemy\\seubarriga\\src\\services\\balance.js": {"path":"E:\\Deal\\NodeJs\\udemy\\seubarriga\\src\\services\\balance.js","statementMap":{"0":{"start":{"line":2,"column":0},"end":{"line":16,"column":2}},"1":{"start":{"line":4,"column":19},"end":{"line":12,"column":3}},"2":{"start":{"line":5,"column":4},"end":{"line":11,"column":25}},"3":{"start":{"line":14,"column":2},"end":{"line":14,"column":22}}},"fnMap":{"0":{"name":"(anonymous_0)","decl":{"start":{"line":2,"column":17},"end":{"line":2,"column":18}},"loc":{"start":{"line":2,"column":26},"end":{"line":16,"column":1}},"line":2},"1":{"name":"(anonymous_1)","decl":{"start":{"line":4,"column":19},"end":{"line":4,"column":20}},"loc":{"start":{"line":4,"column":31},"end":{"line":12,"column":3}},"line":4}},"branchMap":{},"s":{"0":7,"1":7,"2":10,"3":7},"f":{"0":7,"1":10},"b":{},"_coverageSchema":"332fd63041d2c1bcb487cc26dd0d5f7d97098a6c","hash":"0495f3561b42a284ffda9265e0efc3c1bddfb71a"}
,"E:\\Deal\\NodeJs\\udemy\\seubarriga\\src\\services\\transaction.js": {"path":"E:\\Deal\\NodeJs\\udemy\\seubarriga\\src\\services\\transaction.js","statementMap":{"0":{"start":{"line":2,"column":24},"end":{"line":2,"column":60}},"1":{"start":{"line":4,"column":0},"end":{"line":65,"column":1}},"2":{"start":{"line":6,"column":15},"end":{"line":13,"column":3}},"3":{"start":{"line":7,"column":19},"end":{"line":11,"column":15}},"4":{"start":{"line":12,"column":4},"end":{"line":12,"column":18}},"5":{"start":{"line":15,"column":18},"end":{"line":20,"column":3}},"6":{"start":{"line":16,"column":24},"end":{"line":18,"column":14}},"7":{"start":{"line":19,"column":4},"end":{"line":19,"column":23}},"8":{"start":{"line":22,"column":15},"end":{"line":48,"column":3}},"9":{"start":{"line":24,"column":4},"end":{"line":24,"column":102}},"10":{"start":{"line":24,"column":34},"end":{"line":24,"column":102}},"11":{"start":{"line":25,"column":4},"end":{"line":25,"column":94}},"12":{"start":{"line":25,"column":30},"end":{"line":25,"column":94}},"13":{"start":{"line":26,"column":4},"end":{"line":26,"column":88}},"14":{"start":{"line":26,"column":27},"end":{"line":26,"column":88}},"15":{"start":{"line":27,"column":4},"end":{"line":27,"column":93}},"16":{"start":{"line":27,"column":29},"end":{"line":27,"column":93}},"17":{"start":{"line":28,"column":4},"end":{"line":28,"column":88}},"18":{"start":{"line":28,"column":27},"end":{"line":28,"column":88}},"19":{"start":{"line":30,"column":4},"end":{"line":34,"column":5}},"20":{"start":{"line":31,"column":6},"end":{"line":33,"column":7}},"21":{"start":{"line":32,"column":8},"end":{"line":32,"column":72}},"22":{"start":{"line":36,"column":4},"end":{"line":39,"column":5}},"23":{"start":{"line":38,"column":8},"end":{"line":38,"column":34}},"24":{"start":{"line":41,"column":20},"end":{"line":41,"column":92}},"25":{"start":{"line":43,"column":4},"end":{"line":45,"column":5}},"26":{"start":{"line":44,"column":6},"end":{"line":44,"column":83}},"27":{"start":{"line":47,"column":4},"end":{"line":47,"column":59}},"28":{"start":{"line":50,"column":17},"end":{"line":52,"column":3}},"29":{"start":{"line":51,"column":4},"end":{"line":51,"column":79}},"30":{"start":{"line":54,"column":17},"end":{"line":56,"column":3}},"31":{"start":{"line":55,"column":4},"end":{"line":55,"column":60}},"32":{"start":{"line":58,"column":2},"end":{"line":64,"column":4}}},"fnMap":{"0":{"name":"(anonymous_0)","decl":{"start":{"line":4,"column":17},"end":{"line":4,"column":18}},"loc":{"start":{"line":4,"column":26},"end":{"line":65,"column":1}},"line":4},"1":{"name":"(anonymous_1)","decl":{"start":{"line":6,"column":15},"end":{"line":6,"column":16}},"loc":{"start":{"line":6,"column":46},"end":{"line":13,"column":3}},"line":6},"2":{"name":"(anonymous_2)","decl":{"start":{"line":15,"column":18},"end":{"line":15,"column":19}},"loc":{"start":{"line":15,"column":36},"end":{"line":20,"column":3}},"line":15},"3":{"name":"(anonymous_3)","decl":{"start":{"line":22,"column":15},"end":{"line":22,"column":16}},"loc":{"start":{"line":22,"column":38},"end":{"line":48,"column":3}},"line":22},"4":{"name":"(anonymous_4)","decl":{"start":{"line":50,"column":17},"end":{"line":50,"column":18}},"loc":{"start":{"line":50,"column":44},"end":{"line":52,"column":3}},"line":50},"5":{"name":"(anonymous_5)","decl":{"start":{"line":54,"column":17},"end":{"line":54,"column":18}},"loc":{"start":{"line":54,"column":31},"end":{"line":56,"column":3}},"line":54}},"branchMap":{"0":{"loc":{"start":{"line":6,"column":30},"end":{"line":6,"column":41}},"type":"default-arg","locations":[{"start":{"line":6,"column":39},"end":{"line":6,"column":41}}],"line":6},"1":{"loc":{"start":{"line":24,"column":4},"end":{"line":24,"column":102}},"type":"if","locations":[{"start":{"line":24,"column":4},"end":{"line":24,"column":102}},{"start":{"line":24,"column":4},"end":{"line":24,"column":102}}],"line":24},"2":{"loc":{"start":{"line":25,"column":4},"end":{"line":25,"column":94}},"type":"if","locations":[{"start":{"line":25,"column":4},"end":{"line":25,"column":94}},{"start":{"line":25,"column":4},"end":{"line":25,"column":94}}],"line":25},"3":{"loc":{"start":{"line":26,"column":4},"end":{"line":26,"column":88}},"type":"if","locations":[{"start":{"line":26,"column":4},"end":{"line":26,"column":88}},{"start":{"line":26,"column":4},"end":{"line":26,"column":88}}],"line":26},"4":{"loc":{"start":{"line":27,"column":4},"end":{"line":27,"column":93}},"type":"if","locations":[{"start":{"line":27,"column":4},"end":{"line":27,"column":93}},{"start":{"line":27,"column":4},"end":{"line":27,"column":93}}],"line":27},"5":{"loc":{"start":{"line":28,"column":4},"end":{"line":28,"column":88}},"type":"if","locations":[{"start":{"line":28,"column":4},"end":{"line":28,"column":88}},{"start":{"line":28,"column":4},"end":{"line":28,"column":88}}],"line":28},"6":{"loc":{"start":{"line":30,"column":4},"end":{"line":34,"column":5}},"type":"if","locations":[{"start":{"line":30,"column":4},"end":{"line":34,"column":5}},{"start":{"line":30,"column":4},"end":{"line":34,"column":5}}],"line":30},"7":{"loc":{"start":{"line":31,"column":6},"end":{"line":33,"column":7}},"type":"if","locations":[{"start":{"line":31,"column":6},"end":{"line":33,"column":7}},{"start":{"line":31,"column":6},"end":{"line":33,"column":7}}],"line":31},"8":{"loc":{"start":{"line":31,"column":10},"end":{"line":31,"column":62}},"type":"binary-expr","locations":[{"start":{"line":31,"column":10},"end":{"line":31,"column":34}},{"start":{"line":31,"column":38},"end":{"line":31,"column":62}}],"line":31},"9":{"loc":{"start":{"line":36,"column":4},"end":{"line":39,"column":5}},"type":"if","locations":[{"start":{"line":36,"column":4},"end":{"line":39,"column":5}},{"start":{"line":36,"column":4},"end":{"line":39,"column":5}}],"line":36},"10":{"loc":{"start":{"line":36,"column":8},"end":{"line":37,"column":62}},"type":"binary-expr","locations":[{"start":{"line":36,"column":9},"end":{"line":36,"column":33}},{"start":{"line":36,"column":37},"end":{"line":36,"column":60}},{"start":{"line":37,"column":10},"end":{"line":37,"column":34}},{"start":{"line":37,"column":38},"end":{"line":37,"column":61}}],"line":36},"11":{"loc":{"start":{"line":43,"column":4},"end":{"line":45,"column":5}},"type":"if","locations":[{"start":{"line":43,"column":4},"end":{"line":45,"column":5}},{"start":{"line":43,"column":4},"end":{"line":45,"column":5}}],"line":43},"12":{"loc":{"start":{"line":43,"column":8},"end":{"line":43,"column":37}},"type":"binary-expr","locations":[{"start":{"line":43,"column":8},"end":{"line":43,"column":15}},{"start":{"line":43,"column":19},"end":{"line":43,"column":37}}],"line":43}},"s":{"0":7,"1":7,"2":7,"3":16,"4":16,"5":7,"6":3,"7":3,"8":7,"9":16,"10":1,"11":15,"12":1,"13":14,"14":1,"15":13,"16":1,"17":12,"18":1,"19":11,"20":11,"21":1,"22":10,"23":5,"24":10,"25":10,"26":0,"27":10,"28":7,"29":1,"30":7,"31":1,"32":7},"f":{"0":7,"1":16,"2":3,"3":16,"4":1,"5":1},"b":{"0":[2],"1":[1,15],"2":[1,14],"3":[1,13],"4":[1,12],"5":[1,11],"6":[11,0],"7":[1,10],"8":[11,5],"9":[5,5],"10":[10,6,9,4],"11":[0,10],"12":[10,10]},"_coverageSchema":"332fd63041d2c1bcb487cc26dd0d5f7d97098a6c","hash":"7b03603ce7ab1a4669a39e83abc65917c04aa395"}
,"E:\\Deal\\NodeJs\\udemy\\seubarriga\\src\\services\\transfer.js": {"path":"E:\\Deal\\NodeJs\\udemy\\seubarriga\\src\\services\\transfer.js","statementMap":{"0":{"start":{"line":2,"column":24},"end":{"line":2,"column":60}},"1":{"start":{"line":4,"column":0},"end":{"line":117,"column":1}},"2":{"start":{"line":6,"column":15},"end":{"line":11,"column":3}},"3":{"start":{"line":7,"column":19},"end":{"line":9,"column":15}},"4":{"start":{"line":10,"column":4},"end":{"line":10,"column":18}},"5":{"start":{"line":13,"column":18},"end":{"line":18,"column":3}},"6":{"start":{"line":14,"column":21},"end":{"line":16,"column":14}},"7":{"start":{"line":17,"column":4},"end":{"line":17,"column":20}},"8":{"start":{"line":20,"column":19},"end":{"line":38,"column":3}},"9":{"start":{"line":22,"column":4},"end":{"line":22,"column":99}},"10":{"start":{"line":22,"column":31},"end":{"line":22,"column":99}},"11":{"start":{"line":23,"column":4},"end":{"line":23,"column":91}},"12":{"start":{"line":23,"column":27},"end":{"line":23,"column":91}},"13":{"start":{"line":24,"column":4},"end":{"line":24,"column":85}},"14":{"start":{"line":24,"column":24},"end":{"line":24,"column":85}},"15":{"start":{"line":25,"column":4},"end":{"line":25,"column":106}},"16":{"start":{"line":25,"column":30},"end":{"line":25,"column":106}},"17":{"start":{"line":26,"column":4},"end":{"line":26,"column":106}},"18":{"start":{"line":26,"column":30},"end":{"line":26,"column":106}},"19":{"start":{"line":27,"column":4},"end":{"line":27,"column":125}},"20":{"start":{"line":27,"column":53},"end":{"line":27,"column":125}},"21":{"start":{"line":29,"column":21},"end":{"line":31,"column":15}},"22":{"start":{"line":33,"column":4},"end":{"line":36,"column":7}},"23":{"start":{"line":34,"column":6},"end":{"line":35,"column":69}},"24":{"start":{"line":35,"column":8},"end":{"line":35,"column":69}},"25":{"start":{"line":40,"column":15},"end":{"line":70,"column":3}},"26":{"start":{"line":42,"column":19},"end":{"line":42,"column":66}},"27":{"start":{"line":44,"column":23},"end":{"line":44,"column":35}},"28":{"start":{"line":46,"column":25},"end":{"line":65,"column":5}},"29":{"start":{"line":67,"column":4},"end":{"line":67,"column":54}},"30":{"start":{"line":69,"column":4},"end":{"line":69,"column":18}},"31":{"start":{"line":72,"column":17},"end":{"line":106,"column":3}},"32":{"start":{"line":73,"column":4},"end":{"line":75,"column":29}},"33":{"start":{"line":77,"column":25},"end":{"line":96,"column":5}},"34":{"start":{"line":98,"column":4},"end":{"line":100,"column":13}},"35":{"start":{"line":102,"column":4},"end":{"line":102,"column":54}},"36":{"start":{"line":104,"column":4},"end":{"line":104,"column":73}},"37":{"start":{"line":108,"column":17},"end":{"line":113,"column":3}},"38":{"start":{"line":110,"column":4},"end":{"line":110,"column":66}},"39":{"start":{"line":112,"column":4},"end":{"line":112,"column":57}},"40":{"start":{"line":115,"column":2},"end":{"line":115,"column":59}}},"fnMap":{"0":{"name":"(anonymous_0)","decl":{"start":{"line":4,"column":17},"end":{"line":4,"column":18}},"loc":{"start":{"line":4,"column":26},"end":{"line":117,"column":1}},"line":4},"1":{"name":"(anonymous_1)","decl":{"start":{"line":6,"column":15},"end":{"line":6,"column":16}},"loc":{"start":{"line":6,"column":38},"end":{"line":11,"column":3}},"line":6},"2":{"name":"(anonymous_2)","decl":{"start":{"line":13,"column":18},"end":{"line":13,"column":19}},"loc":{"start":{"line":13,"column":36},"end":{"line":18,"column":3}},"line":13},"3":{"name":"(anonymous_3)","decl":{"start":{"line":20,"column":19},"end":{"line":20,"column":20}},"loc":{"start":{"line":20,"column":39},"end":{"line":38,"column":3}},"line":20},"4":{"name":"(anonymous_4)","decl":{"start":{"line":33,"column":21},"end":{"line":33,"column":22}},"loc":{"start":{"line":33,"column":28},"end":{"line":36,"column":5}},"line":33},"5":{"name":"(anonymous_5)","decl":{"start":{"line":40,"column":15},"end":{"line":40,"column":16}},"loc":{"start":{"line":40,"column":35},"end":{"line":70,"column":3}},"line":40},"6":{"name":"(anonymous_6)","decl":{"start":{"line":72,"column":17},"end":{"line":72,"column":18}},"loc":{"start":{"line":72,"column":41},"end":{"line":106,"column":3}},"line":72},"7":{"name":"(anonymous_7)","decl":{"start":{"line":108,"column":17},"end":{"line":108,"column":18}},"loc":{"start":{"line":108,"column":31},"end":{"line":113,"column":3}},"line":108}},"branchMap":{"0":{"loc":{"start":{"line":6,"column":22},"end":{"line":6,"column":33}},"type":"default-arg","locations":[{"start":{"line":6,"column":31},"end":{"line":6,"column":33}}],"line":6},"1":{"loc":{"start":{"line":22,"column":4},"end":{"line":22,"column":99}},"type":"if","locations":[{"start":{"line":22,"column":4},"end":{"line":22,"column":99}},{"start":{"line":22,"column":4},"end":{"line":22,"column":99}}],"line":22},"2":{"loc":{"start":{"line":23,"column":4},"end":{"line":23,"column":91}},"type":"if","locations":[{"start":{"line":23,"column":4},"end":{"line":23,"column":91}},{"start":{"line":23,"column":4},"end":{"line":23,"column":91}}],"line":23},"3":{"loc":{"start":{"line":24,"column":4},"end":{"line":24,"column":85}},"type":"if","locations":[{"start":{"line":24,"column":4},"end":{"line":24,"column":85}},{"start":{"line":24,"column":4},"end":{"line":24,"column":85}}],"line":24},"4":{"loc":{"start":{"line":25,"column":4},"end":{"line":25,"column":106}},"type":"if","locations":[{"start":{"line":25,"column":4},"end":{"line":25,"column":106}},{"start":{"line":25,"column":4},"end":{"line":25,"column":106}}],"line":25},"5":{"loc":{"start":{"line":26,"column":4},"end":{"line":26,"column":106}},"type":"if","locations":[{"start":{"line":26,"column":4},"end":{"line":26,"column":106}},{"start":{"line":26,"column":4},"end":{"line":26,"column":106}}],"line":26},"6":{"loc":{"start":{"line":27,"column":4},"end":{"line":27,"column":125}},"type":"if","locations":[{"start":{"line":27,"column":4},"end":{"line":27,"column":125}},{"start":{"line":27,"column":4},"end":{"line":27,"column":125}}],"line":27},"7":{"loc":{"start":{"line":34,"column":6},"end":{"line":35,"column":69}},"type":"if","locations":[{"start":{"line":34,"column":6},"end":{"line":35,"column":69}},{"start":{"line":34,"column":6},"end":{"line":35,"column":69}}],"line":34}},"s":{"0":7,"1":7,"2":7,"3":1,"4":1,"5":7,"6":12,"7":12,"8":7,"9":18,"10":2,"11":16,"12":2,"13":14,"14":2,"15":12,"16":2,"17":10,"18":2,"19":8,"20":2,"21":6,"22":6,"23":10,"24":2,"25":7,"26":3,"27":3,"28":3,"29":3,"30":3,"31":7,"32":1,"33":1,"34":1,"35":1,"36":1,"37":7,"38":1,"39":1,"40":7},"f":{"0":7,"1":1,"2":12,"3":18,"4":10,"5":3,"6":1,"7":1},"b":{"0":[0],"1":[2,16],"2":[2,14],"3":[2,12],"4":[2,10],"5":[2,8],"6":[2,6],"7":[2,8]},"_coverageSchema":"332fd63041d2c1bcb487cc26dd0d5f7d97098a6c","hash":"e57a95853e980216f3805dd6247cce88e630fa07"}
,"E:\\Deal\\NodeJs\\udemy\\seubarriga\\src\\services\\user.js": {"path":"E:\\Deal\\NodeJs\\udemy\\seubarriga\\src\\services\\user.js","statementMap":{"0":{"start":{"line":2,"column":15},"end":{"line":2,"column":39}},"1":{"start":{"line":3,"column":24},"end":{"line":3,"column":60}},"2":{"start":{"line":5,"column":0},"end":{"line":43,"column":1}},"3":{"start":{"line":7,"column":18},"end":{"line":9,"column":3}},"4":{"start":{"line":8,"column":4},"end":{"line":8,"column":58}},"5":{"start":{"line":11,"column":18},"end":{"line":13,"column":3}},"6":{"start":{"line":12,"column":4},"end":{"line":12,"column":49}},"7":{"start":{"line":15,"column":26},"end":{"line":18,"column":3}},"8":{"start":{"line":16,"column":17},"end":{"line":16,"column":39}},"9":{"start":{"line":17,"column":4},"end":{"line":17,"column":41}},"10":{"start":{"line":20,"column":15},"end":{"line":40,"column":3}},"11":{"start":{"line":21,"column":4},"end":{"line":23,"column":5}},"12":{"start":{"line":22,"column":6},"end":{"line":22,"column":68}},"13":{"start":{"line":24,"column":4},"end":{"line":26,"column":5}},"14":{"start":{"line":25,"column":6},"end":{"line":25,"column":68}},"15":{"start":{"line":27,"column":4},"end":{"line":29,"column":5}},"16":{"start":{"line":28,"column":6},"end":{"line":28,"column":72}},"17":{"start":{"line":31,"column":19},"end":{"line":31,"column":53}},"18":{"start":{"line":33,"column":4},"end":{"line":35,"column":5}},"19":{"start":{"line":34,"column":6},"end":{"line":34,"column":78}},"20":{"start":{"line":37,"column":4},"end":{"line":37,"column":47}},"21":{"start":{"line":39,"column":4},"end":{"line":39,"column":70}},"22":{"start":{"line":42,"column":2},"end":{"line":42,"column":53}}},"fnMap":{"0":{"name":"(anonymous_0)","decl":{"start":{"line":5,"column":17},"end":{"line":5,"column":18}},"loc":{"start":{"line":5,"column":26},"end":{"line":43,"column":1}},"line":5},"1":{"name":"(anonymous_1)","decl":{"start":{"line":7,"column":18},"end":{"line":7,"column":19}},"loc":{"start":{"line":7,"column":24},"end":{"line":9,"column":3}},"line":7},"2":{"name":"(anonymous_2)","decl":{"start":{"line":11,"column":18},"end":{"line":11,"column":19}},"loc":{"start":{"line":11,"column":35},"end":{"line":13,"column":3}},"line":11},"3":{"name":"(anonymous_3)","decl":{"start":{"line":15,"column":26},"end":{"line":15,"column":27}},"loc":{"start":{"line":15,"column":38},"end":{"line":18,"column":3}},"line":15},"4":{"name":"(anonymous_4)","decl":{"start":{"line":20,"column":15},"end":{"line":20,"column":16}},"loc":{"start":{"line":20,"column":31},"end":{"line":40,"column":3}},"line":20}},"branchMap":{"0":{"loc":{"start":{"line":11,"column":19},"end":{"line":11,"column":30}},"type":"default-arg","locations":[{"start":{"line":11,"column":28},"end":{"line":11,"column":30}}],"line":11},"1":{"loc":{"start":{"line":21,"column":4},"end":{"line":23,"column":5}},"type":"if","locations":[{"start":{"line":21,"column":4},"end":{"line":23,"column":5}},{"start":{"line":21,"column":4},"end":{"line":23,"column":5}}],"line":21},"2":{"loc":{"start":{"line":24,"column":4},"end":{"line":26,"column":5}},"type":"if","locations":[{"start":{"line":24,"column":4},"end":{"line":26,"column":5}},{"start":{"line":24,"column":4},"end":{"line":26,"column":5}}],"line":24},"3":{"loc":{"start":{"line":27,"column":4},"end":{"line":29,"column":5}},"type":"if","locations":[{"start":{"line":27,"column":4},"end":{"line":29,"column":5}},{"start":{"line":27,"column":4},"end":{"line":29,"column":5}}],"line":27},"4":{"loc":{"start":{"line":33,"column":4},"end":{"line":35,"column":5}},"type":"if","locations":[{"start":{"line":33,"column":4},"end":{"line":35,"column":5}},{"start":{"line":33,"column":4},"end":{"line":35,"column":5}}],"line":33}},"s":{"0":7,"1":7,"2":7,"3":7,"4":1,"5":7,"6":86,"7":7,"8":8,"9":8,"10":7,"11":12,"12":1,"13":11,"14":1,"15":10,"16":1,"17":9,"18":9,"19":1,"20":8,"21":8,"22":7},"f":{"0":7,"1":1,"2":86,"3":8,"4":12},"b":{"0":[0],"1":[1,11],"2":[1,10],"3":[1,9],"4":[1,8]},"_coverageSchema":"332fd63041d2c1bcb487cc26dd0d5f7d97098a6c","hash":"50fd12d15fb86cd5d0ab23d91d97a14f43c8e28b"}
}
