{"E:\\Deal\\NodeJs\\udemy\\seubarriga\\knexfile.js": {"path":"E:\\Deal\\NodeJs\\udemy\\seubarriga\\knexfile.js","statementMap":{"0":{"start":{"line":1,"column":0},"end":{"line":14,"column":2}}},"fnMap":{},"branchMap":{},"s":{"0":7},"f":{},"b":{},"_coverageSchema":"332fd63041d2c1bcb487cc26dd0d5f7d97098a6c","hash":"33118ac7fafa5795fd3caed538a8c09edbff412a"}
,"E:\\Deal\\NodeJs\\udemy\\seubarriga\\src\\app.js": {"path":"E:\\Deal\\NodeJs\\udemy\\seubarriga\\src\\app.js","statementMap":{"0":{"start":{"line":1,"column":12},"end":{"line":1,"column":32}},"1":{"start":{"line":2,"column":16},"end":{"line":2,"column":34}},"2":{"start":{"line":3,"column":13},"end":{"line":3,"column":28}},"3":{"start":{"line":5,"column":17},"end":{"line":5,"column":39}},"4":{"start":{"line":8,"column":0},"end":{"line":8,"column":29}},"5":{"start":{"line":10,"column":0},"end":{"line":16,"column":13}},"6":{"start":{"line":18,"column":0},"end":{"line":20,"column":3}},"7":{"start":{"line":19,"column":2},"end":{"line":19,"column":25}},"8":{"start":{"line":22,"column":0},"end":{"line":32,"column":2}},"9":{"start":{"line":23,"column":35},"end":{"line":23,"column":38}},"10":{"start":{"line":24,"column":2},"end":{"line":30,"column":3}},"11":{"start":{"line":25,"column":4},"end":{"line":25,"column":44}},"12":{"start":{"line":26,"column":9},"end":{"line":30,"column":3}},"13":{"start":{"line":27,"column":4},"end":{"line":27,"column":44}},"14":{"start":{"line":29,"column":4},"end":{"line":29,"column":50}},"15":{"start":{"line":31,"column":2},"end":{"line":31,"column":12}},"16":{"start":{"line":40,"column":0},"end":{"line":40,"column":20}}},"fnMap":{"0":{"name":"(anonymous_0)","decl":{"start":{"line":18,"column":13},"end":{"line":18,"column":14}},"loc":{"start":{"line":18,"column":27},"end":{"line":20,"column":1}},"line":18},"1":{"name":"(anonymous_1)","decl":{"start":{"line":22,"column":8},"end":{"line":22,"column":9}},"loc":{"start":{"line":22,"column":33},"end":{"line":32,"column":1}},"line":22}},"branchMap":{"0":{"loc":{"start":{"line":24,"column":2},"end":{"line":30,"column":3}},"type":"if","locations":[{"start":{"line":24,"column":2},"end":{"line":30,"column":3}},{"start":{"line":24,"column":2},"end":{"line":30,"column":3}}],"line":24},"1":{"loc":{"start":{"line":26,"column":9},"end":{"line":30,"column":3}},"type":"if","locations":[{"start":{"line":26,"column":9},"end":{"line":30,"column":3}},{"start":{"line":26,"column":9},"end":{"line":30,"column":3}}],"line":26}},"s":{"0":7,"1":7,"2":7,"3":7,"4":7,"5":7,"6":7,"7":1,"8":7,"9":34,"10":34,"11":29,"12":5,"13":5,"14":0,"15":34,"16":7},"f":{"0":1,"1":34},"b":{"0":[29,5],"1":[5,0]},"_coverageSchema":"332fd63041d2c1bcb487cc26dd0d5f7d97098a6c","hash":"953c04e8b92c24af298a74871b395417afd5168e"}
,"E:\\Deal\\NodeJs\\udemy\\seubarriga\\src\\config\\middlewares.js": {"path":"E:\\Deal\\NodeJs\\udemy\\seubarriga\\src\\config\\middlewares.js","statementMap":{"0":{"start":{"line":1,"column":19},"end":{"line":1,"column":41}},"1":{"start":{"line":4,"column":0},"end":{"line":7,"column":1}},"2":{"start":{"line":5,"column":2},"end":{"line":5,"column":29}}},"fnMap":{"0":{"name":"(anonymous_0)","decl":{"start":{"line":4,"column":17},"end":{"line":4,"column":18}},"loc":{"start":{"line":4,"column":26},"end":{"line":7,"column":1}},"line":4}},"branchMap":{},"s":{"0":7,"1":7,"2":7},"f":{"0":7},"b":{},"_coverageSchema":"332fd63041d2c1bcb487cc26dd0d5f7d97098a6c","hash":"f10a770708d914df1dcaa8bfed74e465806ac6b3"}
,"E:\\Deal\\NodeJs\\udemy\\seubarriga\\src\\config\\passport.js": {"path":"E:\\Deal\\NodeJs\\udemy\\seubarriga\\src\\config\\passport.js","statementMap":{"0":{"start":{"line":1,"column":17},"end":{"line":1,"column":36}},"1":{"start":{"line":2,"column":20},"end":{"line":2,"column":43}},"2":{"start":{"line":4,"column":15},"end":{"line":4,"column":25}},"3":{"start":{"line":6,"column":33},"end":{"line":6,"column":44}},"4":{"start":{"line":8,"column":0},"end":{"line":28,"column":1}},"5":{"start":{"line":10,"column":17},"end":{"line":13,"column":3}},"6":{"start":{"line":15,"column":19},"end":{"line":21,"column":4}},"7":{"start":{"line":16,"column":4},"end":{"line":20,"column":40}},"8":{"start":{"line":18,"column":8},"end":{"line":19,"column":30}},"9":{"start":{"line":18,"column":18},"end":{"line":18,"column":44}},"10":{"start":{"line":19,"column":13},"end":{"line":19,"column":30}},"11":{"start":{"line":20,"column":22},"end":{"line":20,"column":38}},"12":{"start":{"line":23,"column":2},"end":{"line":23,"column":25}},"13":{"start":{"line":25,"column":2},"end":{"line":27,"column":3}},"14":{"start":{"line":26,"column":24},"end":{"line":26,"column":72}}},"fnMap":{"0":{"name":"(anonymous_0)","decl":{"start":{"line":8,"column":17},"end":{"line":8,"column":18}},"loc":{"start":{"line":8,"column":26},"end":{"line":28,"column":1}},"line":8},"1":{"name":"(anonymous_1)","decl":{"start":{"line":15,"column":40},"end":{"line":15,"column":41}},"loc":{"start":{"line":15,"column":59},"end":{"line":21,"column":3}},"line":15},"2":{"name":"(anonymous_2)","decl":{"start":{"line":17,"column":12},"end":{"line":17,"column":13}},"loc":{"start":{"line":17,"column":20},"end":{"line":20,"column":7}},"line":17},"3":{"name":"(anonymous_3)","decl":{"start":{"line":20,"column":15},"end":{"line":20,"column":16}},"loc":{"start":{"line":20,"column":22},"end":{"line":20,"column":38}},"line":20},"4":{"name":"(anonymous_4)","decl":{"start":{"line":26,"column":18},"end":{"line":26,"column":19}},"loc":{"start":{"line":26,"column":24},"end":{"line":26,"column":72}},"line":26}},"branchMap":{"0":{"loc":{"start":{"line":18,"column":8},"end":{"line":19,"column":30}},"type":"if","locations":[{"start":{"line":18,"column":8},"end":{"line":19,"column":30}},{"start":{"line":18,"column":8},"end":{"line":19,"column":30}}],"line":18}},"s":{"0":7,"1":7,"2":7,"3":7,"4":7,"5":7,"6":7,"7":73,"8":73,"9":73,"10":0,"11":0,"12":7,"13":7,"14":7},"f":{"0":7,"1":73,"2":73,"3":0,"4":7},"b":{"0":[73,0]},"_coverageSchema":"332fd63041d2c1bcb487cc26dd0d5f7d97098a6c","hash":"751643265a177b2c8ecf93f312082c343455882d"}
,"E:\\Deal\\NodeJs\\udemy\\seubarriga\\src\\config\\router.js": {"path":"E:\\Deal\\NodeJs\\udemy\\seubarriga\\src\\config\\router.js","statementMap":{"0":{"start":{"line":1,"column":16},"end":{"line":1,"column":34}},"1":{"start":{"line":3,"column":0},"end":{"line":16,"column":2}},"2":{"start":{"line":4,"column":2},"end":{"line":4,"column":36}},"3":{"start":{"line":6,"column":26},"end":{"line":6,"column":42}},"4":{"start":{"line":8,"column":2},"end":{"line":8,"column":50}},"5":{"start":{"line":9,"column":2},"end":{"line":9,"column":56}},"6":{"start":{"line":10,"column":2},"end":{"line":10,"column":64}},"7":{"start":{"line":11,"column":2},"end":{"line":11,"column":58}},"8":{"start":{"line":12,"column":2},"end":{"line":12,"column":54}},"9":{"start":{"line":14,"column":2},"end":{"line":14,"column":70}}},"fnMap":{"0":{"name":"(anonymous_0)","decl":{"start":{"line":3,"column":17},"end":{"line":3,"column":18}},"loc":{"start":{"line":3,"column":26},"end":{"line":16,"column":1}},"line":3}},"branchMap":{},"s":{"0":7,"1":7,"2":7,"3":7,"4":7,"5":7,"6":7,"7":7,"8":7,"9":7},"f":{"0":7},"b":{},"_coverageSchema":"332fd63041d2c1bcb487cc26dd0d5f7d97098a6c","hash":"d95cdbb0f9b2ab636de023bd2fa47b3754c7c8bf"}
,"E:\\Deal\\NodeJs\\udemy\\seubarriga\\src\\errors\\forbiddenError.js": {"path":"E:\\Deal\\NodeJs\\udemy\\seubarriga\\src\\errors\\forbiddenError.js","statementMap":{"0":{"start":{"line":1,"column":0},"end":{"line":4,"column":2}},"1":{"start":{"line":2,"column":2},"end":{"line":2,"column":31}},"2":{"start":{"line":3,"column":2},"end":{"line":3,"column":25}}},"fnMap":{"0":{"name":"forbiddenError","decl":{"start":{"line":1,"column":26},"end":{"line":1,"column":40}},"loc":{"start":{"line":1,"column":115},"end":{"line":4,"column":1}},"line":1}},"branchMap":{"0":{"loc":{"start":{"line":1,"column":41},"end":{"line":1,"column":113}},"type":"default-arg","locations":[{"start":{"line":1,"column":51},"end":{"line":1,"column":113}}],"line":1}},"s":{"0":7,"1":5,"2":5},"f":{"0":5},"b":{"0":[5]},"_coverageSchema":"332fd63041d2c1bcb487cc26dd0d5f7d97098a6c","hash":"8374afd450e7afffa9c4270f8be59a01d6e54893"}
,"E:\\Deal\\NodeJs\\udemy\\seubarriga\\src\\errors\\validationError.js": {"path":"E:\\Deal\\NodeJs\\udemy\\seubarriga\\src\\errors\\validationError.js","statementMap":{"0":{"start":{"line":1,"column":0},"end":{"line":4,"column":2}},"1":{"start":{"line":2,"column":2},"end":{"line":2,"column":32}},"2":{"start":{"line":3,"column":2},"end":{"line":3,"column":25}}},"fnMap":{"0":{"name":"validationError","decl":{"start":{"line":1,"column":26},"end":{"line":1,"column":41}},"loc":{"start":{"line":1,"column":51},"end":{"line":4,"column":1}},"line":1}},"branchMap":{},"s":{"0":7,"1":29,"2":29},"f":{"0":29},"b":{},"_coverageSchema":"332fd63041d2c1bcb487cc26dd0d5f7d97098a6c","hash":"31e939f9cc5d13f2599aedd3331926e841795f7b"}
,"E:\\Deal\\NodeJs\\udemy\\seubarriga\\src\\routes\\accounts.js": {"path":"E:\\Deal\\NodeJs\\udemy\\seubarriga\\src\\routes\\accounts.js","statementMap":{"0":{"start":{"line":1,"column":16},"end":{"line":1,"column":34}},"1":{"start":{"line":3,"column":23},"end":{"line":3,"column":58}},"2":{"start":{"line":5,"column":0},"end":{"line":52,"column":1}},"3":{"start":{"line":7,"column":17},"end":{"line":7,"column":33}},"4":{"start":{"line":9,"column":2},"end":{"line":18,"column":5}},"5":{"start":{"line":10,"column":4},"end":{"line":17,"column":33}},"6":{"start":{"line":12,"column":8},"end":{"line":16,"column":9}},"7":{"start":{"line":13,"column":10},"end":{"line":13,"column":36}},"8":{"start":{"line":15,"column":10},"end":{"line":15,"column":16}},"9":{"start":{"line":17,"column":22},"end":{"line":17,"column":31}},"10":{"start":{"line":20,"column":2},"end":{"line":24,"column":5}},"11":{"start":{"line":21,"column":4},"end":{"line":23,"column":31}},"12":{"start":{"line":22,"column":22},"end":{"line":22,"column":50}},"13":{"start":{"line":23,"column":20},"end":{"line":23,"column":29}},"14":{"start":{"line":26,"column":2},"end":{"line":30,"column":5}},"15":{"start":{"line":27,"column":4},"end":{"line":29,"column":31}},"16":{"start":{"line":28,"column":22},"end":{"line":28,"column":50}},"17":{"start":{"line":29,"column":20},"end":{"line":29,"column":29}},"18":{"start":{"line":32,"column":2},"end":{"line":37,"column":5}},"19":{"start":{"line":33,"column":20},"end":{"line":33,"column":57}},"20":{"start":{"line":34,"column":4},"end":{"line":36,"column":31}},"21":{"start":{"line":35,"column":22},"end":{"line":35,"column":53}},"22":{"start":{"line":36,"column":20},"end":{"line":36,"column":29}},"23":{"start":{"line":39,"column":2},"end":{"line":43,"column":5}},"24":{"start":{"line":40,"column":4},"end":{"line":42,"column":31}},"25":{"start":{"line":41,"column":22},"end":{"line":41,"column":53}},"26":{"start":{"line":42,"column":20},"end":{"line":42,"column":29}},"27":{"start":{"line":45,"column":2},"end":{"line":49,"column":5}},"28":{"start":{"line":46,"column":5},"end":{"line":48,"column":31}},"29":{"start":{"line":47,"column":18},"end":{"line":47,"column":40}},"30":{"start":{"line":48,"column":20},"end":{"line":48,"column":29}},"31":{"start":{"line":51,"column":2},"end":{"line":51,"column":16}}},"fnMap":{"0":{"name":"(anonymous_0)","decl":{"start":{"line":5,"column":17},"end":{"line":5,"column":18}},"loc":{"start":{"line":5,"column":26},"end":{"line":52,"column":1}},"line":5},"1":{"name":"(anonymous_1)","decl":{"start":{"line":9,"column":21},"end":{"line":9,"column":22}},"loc":{"start":{"line":9,"column":41},"end":{"line":18,"column":3}},"line":9},"2":{"name":"(anonymous_2)","decl":{"start":{"line":11,"column":12},"end":{"line":11,"column":13}},"loc":{"start":{"line":11,"column":19},"end":{"line":17,"column":7}},"line":11},"3":{"name":"(anonymous_3)","decl":{"start":{"line":17,"column":15},"end":{"line":17,"column":16}},"loc":{"start":{"line":17,"column":22},"end":{"line":17,"column":31}},"line":17},"4":{"name":"(anonymous_4)","decl":{"start":{"line":20,"column":18},"end":{"line":20,"column":19}},"loc":{"start":{"line":20,"column":38},"end":{"line":24,"column":3}},"line":20},"5":{"name":"(anonymous_5)","decl":{"start":{"line":22,"column":12},"end":{"line":22,"column":13}},"loc":{"start":{"line":22,"column":22},"end":{"line":22,"column":50}},"line":22},"6":{"name":"(anonymous_6)","decl":{"start":{"line":23,"column":13},"end":{"line":23,"column":14}},"loc":{"start":{"line":23,"column":20},"end":{"line":23,"column":29}},"line":23},"7":{"name":"(anonymous_7)","decl":{"start":{"line":26,"column":21},"end":{"line":26,"column":22}},"loc":{"start":{"line":26,"column":41},"end":{"line":30,"column":3}},"line":26},"8":{"name":"(anonymous_8)","decl":{"start":{"line":28,"column":12},"end":{"line":28,"column":13}},"loc":{"start":{"line":28,"column":22},"end":{"line":28,"column":50}},"line":28},"9":{"name":"(anonymous_9)","decl":{"start":{"line":29,"column":13},"end":{"line":29,"column":14}},"loc":{"start":{"line":29,"column":20},"end":{"line":29,"column":29}},"line":29},"10":{"name":"(anonymous_10)","decl":{"start":{"line":32,"column":19},"end":{"line":32,"column":20}},"loc":{"start":{"line":32,"column":39},"end":{"line":37,"column":3}},"line":32},"11":{"name":"(anonymous_11)","decl":{"start":{"line":35,"column":12},"end":{"line":35,"column":13}},"loc":{"start":{"line":35,"column":22},"end":{"line":35,"column":53}},"line":35},"12":{"name":"(anonymous_12)","decl":{"start":{"line":36,"column":13},"end":{"line":36,"column":14}},"loc":{"start":{"line":36,"column":20},"end":{"line":36,"column":29}},"line":36},"13":{"name":"(anonymous_13)","decl":{"start":{"line":39,"column":21},"end":{"line":39,"column":22}},"loc":{"start":{"line":39,"column":41},"end":{"line":43,"column":3}},"line":39},"14":{"name":"(anonymous_14)","decl":{"start":{"line":41,"column":12},"end":{"line":41,"column":13}},"loc":{"start":{"line":41,"column":22},"end":{"line":41,"column":53}},"line":41},"15":{"name":"(anonymous_15)","decl":{"start":{"line":42,"column":13},"end":{"line":42,"column":14}},"loc":{"start":{"line":42,"column":20},"end":{"line":42,"column":29}},"line":42},"16":{"name":"(anonymous_16)","decl":{"start":{"line":45,"column":24},"end":{"line":45,"column":25}},"loc":{"start":{"line":45,"column":44},"end":{"line":49,"column":3}},"line":45},"17":{"name":"(anonymous_17)","decl":{"start":{"line":47,"column":12},"end":{"line":47,"column":13}},"loc":{"start":{"line":47,"column":18},"end":{"line":47,"column":40}},"line":47},"18":{"name":"(anonymous_18)","decl":{"start":{"line":48,"column":13},"end":{"line":48,"column":14}},"loc":{"start":{"line":48,"column":20},"end":{"line":48,"column":29}},"line":48}},"branchMap":{"0":{"loc":{"start":{"line":12,"column":8},"end":{"line":16,"column":9}},"type":"if","locations":[{"start":{"line":12,"column":8},"end":{"line":16,"column":9}},{"start":{"line":12,"column":8},"end":{"line":16,"column":9}}],"line":12}},"s":{"0":7,"1":7,"2":7,"3":7,"4":7,"5":7,"6":7,"7":3,"8":4,"9":3,"10":7,"11":2,"12":2,"13":0,"14":7,"15":1,"16":1,"17":0,"18":7,"19":3,"20":3,"21":1,"22":2,"23":7,"24":1,"25":1,"26":0,"27":7,"28":2,"29":1,"30":1,"31":7},"f":{"0":7,"1":7,"2":7,"3":3,"4":2,"5":2,"6":0,"7":1,"8":1,"9":0,"10":3,"11":1,"12":2,"13":1,"14":1,"15":0,"16":2,"17":1,"18":1},"b":{"0":[3,4]},"_coverageSchema":"332fd63041d2c1bcb487cc26dd0d5f7d97098a6c","hash":"ebd823a3672914d333656ebf6bf80f6a682e67e7"}
,"E:\\Deal\\NodeJs\\udemy\\seubarriga\\src\\routes\\auth.js": {"path":"E:\\Deal\\NodeJs\\udemy\\seubarriga\\src\\routes\\auth.js","statementMap":{"0":{"start":{"line":1,"column":16},"end":{"line":1,"column":34}},"1":{"start":{"line":2,"column":12},"end":{"line":2,"column":33}},"2":{"start":{"line":3,"column":15},"end":{"line":3,"column":39}},"3":{"start":{"line":4,"column":24},"end":{"line":4,"column":60}},"4":{"start":{"line":6,"column":15},"end":{"line":6,"column":25}},"5":{"start":{"line":8,"column":0},"end":{"line":43,"column":1}},"6":{"start":{"line":10,"column":17},"end":{"line":10,"column":33}},"7":{"start":{"line":12,"column":2},"end":{"line":31,"column":5}},"8":{"start":{"line":13,"column":4},"end":{"line":30,"column":31}},"9":{"start":{"line":15,"column":8},"end":{"line":17,"column":9}},"10":{"start":{"line":16,"column":10},"end":{"line":16,"column":63}},"11":{"start":{"line":18,"column":8},"end":{"line":28,"column":9}},"12":{"start":{"line":19,"column":26},"end":{"line":23,"column":11}},"13":{"start":{"line":24,"column":24},"end":{"line":24,"column":51}},"14":{"start":{"line":25,"column":10},"end":{"line":25,"column":41}},"15":{"start":{"line":27,"column":10},"end":{"line":27,"column":63}},"16":{"start":{"line":30,"column":20},"end":{"line":30,"column":29}},"17":{"start":{"line":33,"column":2},"end":{"line":40,"column":5}},"18":{"start":{"line":34,"column":4},"end":{"line":39,"column":5}},"19":{"start":{"line":35,"column":21},"end":{"line":35,"column":59}},"20":{"start":{"line":36,"column":6},"end":{"line":36,"column":45}},"21":{"start":{"line":38,"column":6},"end":{"line":38,"column":23}},"22":{"start":{"line":42,"column":2},"end":{"line":42,"column":16}}},"fnMap":{"0":{"name":"(anonymous_0)","decl":{"start":{"line":8,"column":17},"end":{"line":8,"column":18}},"loc":{"start":{"line":8,"column":26},"end":{"line":43,"column":1}},"line":8},"1":{"name":"(anonymous_1)","decl":{"start":{"line":12,"column":25},"end":{"line":12,"column":26}},"loc":{"start":{"line":12,"column":51},"end":{"line":31,"column":3}},"line":12},"2":{"name":"(anonymous_2)","decl":{"start":{"line":14,"column":12},"end":{"line":14,"column":13}},"loc":{"start":{"line":14,"column":20},"end":{"line":29,"column":7}},"line":14},"3":{"name":"(anonymous_3)","decl":{"start":{"line":30,"column":13},"end":{"line":30,"column":14}},"loc":{"start":{"line":30,"column":20},"end":{"line":30,"column":29}},"line":30},"4":{"name":"(anonymous_4)","decl":{"start":{"line":33,"column":25},"end":{"line":33,"column":26}},"loc":{"start":{"line":33,"column":51},"end":{"line":40,"column":3}},"line":33}},"branchMap":{"0":{"loc":{"start":{"line":15,"column":8},"end":{"line":17,"column":9}},"type":"if","locations":[{"start":{"line":15,"column":8},"end":{"line":17,"column":9}},{"start":{"line":15,"column":8},"end":{"line":17,"column":9}}],"line":15},"1":{"loc":{"start":{"line":18,"column":8},"end":{"line":28,"column":9}},"type":"if","locations":[{"start":{"line":18,"column":8},"end":{"line":28,"column":9}},{"start":{"line":18,"column":8},"end":{"line":28,"column":9}}],"line":18}},"s":{"0":7,"1":7,"2":7,"3":7,"4":7,"5":7,"6":7,"7":7,"8":3,"9":3,"10":1,"11":2,"12":1,"13":1,"14":1,"15":1,"16":2,"17":7,"18":1,"19":1,"20":1,"21":0,"22":7},"f":{"0":7,"1":3,"2":3,"3":2,"4":1},"b":{"0":[1,2],"1":[1,1]},"_coverageSchema":"332fd63041d2c1bcb487cc26dd0d5f7d97098a6c","hash":"5e46396c4cd91901e5e9506a243882695ed64d5a"}
,"E:\\Deal\\NodeJs\\udemy\\seubarriga\\src\\routes\\balance.js": {"path":"E:\\Deal\\NodeJs\\udemy\\seubarriga\\src\\routes\\balance.js","statementMap":{"0":{"start":{"line":1,"column":16},"end":{"line":1,"column":34}},"1":{"start":{"line":3,"column":23},"end":{"line":3,"column":58}},"2":{"start":{"line":5,"column":0},"end":{"line":17,"column":2}},"3":{"start":{"line":7,"column":17},"end":{"line":7,"column":33}},"4":{"start":{"line":9,"column":2},"end":{"line":13,"column":4}},"5":{"start":{"line":10,"column":4},"end":{"line":12,"column":31}},"6":{"start":{"line":11,"column":22},"end":{"line":11,"column":50}},"7":{"start":{"line":12,"column":20},"end":{"line":12,"column":29}},"8":{"start":{"line":15,"column":2},"end":{"line":15,"column":16}}},"fnMap":{"0":{"name":"(anonymous_0)","decl":{"start":{"line":5,"column":17},"end":{"line":5,"column":18}},"loc":{"start":{"line":5,"column":26},"end":{"line":17,"column":1}},"line":5},"1":{"name":"(anonymous_1)","decl":{"start":{"line":9,"column":18},"end":{"line":9,"column":19}},"loc":{"start":{"line":9,"column":38},"end":{"line":13,"column":3}},"line":9},"2":{"name":"(anonymous_2)","decl":{"start":{"line":11,"column":12},"end":{"line":11,"column":13}},"loc":{"start":{"line":11,"column":22},"end":{"line":11,"column":50}},"line":11},"3":{"name":"(anonymous_3)","decl":{"start":{"line":12,"column":13},"end":{"line":12,"column":14}},"loc":{"start":{"line":12,"column":20},"end":{"line":12,"column":29}},"line":12}},"branchMap":{},"s":{"0":7,"1":7,"2":7,"3":7,"4":7,"5":10,"6":10,"7":0,"8":7},"f":{"0":7,"1":10,"2":10,"3":0},"b":{},"_coverageSchema":"332fd63041d2c1bcb487cc26dd0d5f7d97098a6c","hash":"b01cad0f4b72ca63345792e6ca4e82afe8f8d0ac"}
,"E:\\Deal\\NodeJs\\udemy\\seubarriga\\src\\routes\\transactions.js": {"path":"E:\\Deal\\NodeJs\\udemy\\seubarriga\\src\\routes\\transactions.js","statementMap":{"0":{"start":{"line":1,"column":16},"end":{"line":1,"column":34}},"1":{"start":{"line":3,"column":23},"end":{"line":3,"column":58}},"2":{"start":{"line":5,"column":0},"end":{"line":55,"column":2}},"3":{"start":{"line":7,"column":17},"end":{"line":7,"column":33}},"4":{"start":{"line":9,"column":2},"end":{"line":18,"column":5}},"5":{"start":{"line":10,"column":4},"end":{"line":17,"column":33}},"6":{"start":{"line":12,"column":8},"end":{"line":16,"column":9}},"7":{"start":{"line":13,"column":10},"end":{"line":13,"column":17}},"8":{"start":{"line":15,"column":10},"end":{"line":15,"column":37}},"9":{"start":{"line":17,"column":22},"end":{"line":17,"column":31}},"10":{"start":{"line":20,"column":2},"end":{"line":24,"column":5}},"11":{"start":{"line":21,"column":4},"end":{"line":23,"column":31}},"12":{"start":{"line":22,"column":22},"end":{"line":22,"column":50}},"13":{"start":{"line":23,"column":20},"end":{"line":23,"column":29}},"14":{"start":{"line":26,"column":2},"end":{"line":33,"column":5}},"15":{"start":{"line":27,"column":4},"end":{"line":32,"column":5}},"16":{"start":{"line":28,"column":26},"end":{"line":28,"column":87}},"17":{"start":{"line":29,"column":6},"end":{"line":29,"column":47}},"18":{"start":{"line":31,"column":6},"end":{"line":31,"column":16}},"19":{"start":{"line":35,"column":2},"end":{"line":39,"column":5}},"20":{"start":{"line":36,"column":4},"end":{"line":38,"column":31}},"21":{"start":{"line":37,"column":22},"end":{"line":37,"column":53}},"22":{"start":{"line":38,"column":20},"end":{"line":38,"column":29}},"23":{"start":{"line":41,"column":2},"end":{"line":45,"column":5}},"24":{"start":{"line":42,"column":4},"end":{"line":44,"column":31}},"25":{"start":{"line":43,"column":22},"end":{"line":43,"column":53}},"26":{"start":{"line":44,"column":20},"end":{"line":44,"column":29}},"27":{"start":{"line":47,"column":2},"end":{"line":51,"column":5}},"28":{"start":{"line":48,"column":5},"end":{"line":50,"column":31}},"29":{"start":{"line":49,"column":18},"end":{"line":49,"column":40}},"30":{"start":{"line":50,"column":20},"end":{"line":50,"column":29}},"31":{"start":{"line":53,"column":2},"end":{"line":53,"column":16}}},"fnMap":{"0":{"name":"(anonymous_0)","decl":{"start":{"line":5,"column":17},"end":{"line":5,"column":18}},"loc":{"start":{"line":5,"column":26},"end":{"line":55,"column":1}},"line":5},"1":{"name":"(anonymous_1)","decl":{"start":{"line":9,"column":21},"end":{"line":9,"column":22}},"loc":{"start":{"line":9,"column":41},"end":{"line":18,"column":3}},"line":9},"2":{"name":"(anonymous_2)","decl":{"start":{"line":11,"column":12},"end":{"line":11,"column":13}},"loc":{"start":{"line":11,"column":21},"end":{"line":17,"column":7}},"line":11},"3":{"name":"(anonymous_3)","decl":{"start":{"line":17,"column":15},"end":{"line":17,"column":16}},"loc":{"start":{"line":17,"column":22},"end":{"line":17,"column":31}},"line":17},"4":{"name":"(anonymous_4)","decl":{"start":{"line":20,"column":18},"end":{"line":20,"column":19}},"loc":{"start":{"line":20,"column":38},"end":{"line":24,"column":3}},"line":20},"5":{"name":"(anonymous_5)","decl":{"start":{"line":22,"column":12},"end":{"line":22,"column":13}},"loc":{"start":{"line":22,"column":22},"end":{"line":22,"column":50}},"line":22},"6":{"name":"(anonymous_6)","decl":{"start":{"line":23,"column":13},"end":{"line":23,"column":14}},"loc":{"start":{"line":23,"column":20},"end":{"line":23,"column":29}},"line":23},"7":{"name":"(anonymous_7)","decl":{"start":{"line":26,"column":21},"end":{"line":26,"column":22}},"loc":{"start":{"line":26,"column":47},"end":{"line":33,"column":3}},"line":26},"8":{"name":"(anonymous_8)","decl":{"start":{"line":35,"column":19},"end":{"line":35,"column":20}},"loc":{"start":{"line":35,"column":39},"end":{"line":39,"column":3}},"line":35},"9":{"name":"(anonymous_9)","decl":{"start":{"line":37,"column":12},"end":{"line":37,"column":13}},"loc":{"start":{"line":37,"column":22},"end":{"line":37,"column":53}},"line":37},"10":{"name":"(anonymous_10)","decl":{"start":{"line":38,"column":13},"end":{"line":38,"column":14}},"loc":{"start":{"line":38,"column":20},"end":{"line":38,"column":29}},"line":38},"11":{"name":"(anonymous_11)","decl":{"start":{"line":41,"column":21},"end":{"line":41,"column":22}},"loc":{"start":{"line":41,"column":41},"end":{"line":45,"column":3}},"line":41},"12":{"name":"(anonymous_12)","decl":{"start":{"line":43,"column":12},"end":{"line":43,"column":13}},"loc":{"start":{"line":43,"column":22},"end":{"line":43,"column":53}},"line":43},"13":{"name":"(anonymous_13)","decl":{"start":{"line":44,"column":13},"end":{"line":44,"column":14}},"loc":{"start":{"line":44,"column":20},"end":{"line":44,"column":29}},"line":44},"14":{"name":"(anonymous_14)","decl":{"start":{"line":47,"column":24},"end":{"line":47,"column":25}},"loc":{"start":{"line":47,"column":44},"end":{"line":51,"column":3}},"line":47},"15":{"name":"(anonymous_15)","decl":{"start":{"line":49,"column":12},"end":{"line":49,"column":13}},"loc":{"start":{"line":49,"column":18},"end":{"line":49,"column":40}},"line":49},"16":{"name":"(anonymous_16)","decl":{"start":{"line":50,"column":13},"end":{"line":50,"column":14}},"loc":{"start":{"line":50,"column":20},"end":{"line":50,"column":29}},"line":50}},"branchMap":{"0":{"loc":{"start":{"line":12,"column":8},"end":{"line":16,"column":9}},"type":"if","locations":[{"start":{"line":12,"column":8},"end":{"line":16,"column":9}},{"start":{"line":12,"column":8},"end":{"line":16,"column":9}}],"line":12}},"s":{"0":7,"1":7,"2":7,"3":7,"4":7,"5":4,"6":4,"7":3,"8":1,"9":1,"10":7,"11":2,"12":2,"13":0,"14":7,"15":1,"16":1,"17":1,"18":0,"19":7,"20":16,"21":10,"22":6,"23":7,"24":1,"25":1,"26":0,"27":7,"28":1,"29":1,"30":0,"31":7},"f":{"0":7,"1":4,"2":4,"3":1,"4":2,"5":2,"6":0,"7":1,"8":16,"9":10,"10":6,"11":1,"12":1,"13":0,"14":1,"15":1,"16":0},"b":{"0":[3,1]},"_coverageSchema":"332fd63041d2c1bcb487cc26dd0d5f7d97098a6c","hash":"108d2666627a847249e6546ab6afb3bcbfb2d97a"}
,"E:\\Deal\\NodeJs\\udemy\\seubarriga\\src\\routes\\transfers.js": {"path":"E:\\Deal\\NodeJs\\udemy\\seubarriga\\src\\routes\\transfers.js","statementMap":{"0":{"start":{"line":1,"column":16},"end":{"line":1,"column":34}},"1":{"start":{"line":3,"column":23},"end":{"line":3,"column":58}},"2":{"start":{"line":5,"column":0},"end":{"line":60,"column":1}},"3":{"start":{"line":7,"column":17},"end":{"line":7,"column":33}},"4":{"start":{"line":9,"column":2},"end":{"line":18,"column":5}},"5":{"start":{"line":10,"column":4},"end":{"line":17,"column":33}},"6":{"start":{"line":12,"column":8},"end":{"line":16,"column":9}},"7":{"start":{"line":13,"column":10},"end":{"line":13,"column":36}},"8":{"start":{"line":15,"column":10},"end":{"line":15,"column":16}},"9":{"start":{"line":17,"column":22},"end":{"line":17,"column":31}},"10":{"start":{"line":20,"column":19},"end":{"line":24,"column":3}},"11":{"start":{"line":21,"column":4},"end":{"line":23,"column":31}},"12":{"start":{"line":22,"column":18},"end":{"line":22,"column":24}},"13":{"start":{"line":23,"column":20},"end":{"line":23,"column":29}},"14":{"start":{"line":26,"column":2},"end":{"line":33,"column":5}},"15":{"start":{"line":27,"column":4},"end":{"line":32,"column":5}},"16":{"start":{"line":28,"column":23},"end":{"line":28,"column":76}},"17":{"start":{"line":29,"column":6},"end":{"line":29,"column":44}},"18":{"start":{"line":31,"column":6},"end":{"line":31,"column":16}},"19":{"start":{"line":35,"column":2},"end":{"line":39,"column":5}},"20":{"start":{"line":36,"column":4},"end":{"line":38,"column":31}},"21":{"start":{"line":37,"column":22},"end":{"line":37,"column":50}},"22":{"start":{"line":38,"column":20},"end":{"line":38,"column":29}},"23":{"start":{"line":41,"column":2},"end":{"line":45,"column":5}},"24":{"start":{"line":42,"column":4},"end":{"line":44,"column":31}},"25":{"start":{"line":43,"column":22},"end":{"line":43,"column":53}},"26":{"start":{"line":44,"column":20},"end":{"line":44,"column":29}},"27":{"start":{"line":47,"column":2},"end":{"line":51,"column":5}},"28":{"start":{"line":48,"column":4},"end":{"line":50,"column":31}},"29":{"start":{"line":49,"column":22},"end":{"line":49,"column":53}},"30":{"start":{"line":50,"column":20},"end":{"line":50,"column":29}},"31":{"start":{"line":53,"column":2},"end":{"line":57,"column":4}},"32":{"start":{"line":54,"column":4},"end":{"line":56,"column":30}},"33":{"start":{"line":55,"column":17},"end":{"line":55,"column":39}},"34":{"start":{"line":56,"column":19},"end":{"line":56,"column":28}},"35":{"start":{"line":59,"column":2},"end":{"line":59,"column":16}}},"fnMap":{"0":{"name":"(anonymous_0)","decl":{"start":{"line":5,"column":17},"end":{"line":5,"column":18}},"loc":{"start":{"line":5,"column":26},"end":{"line":60,"column":1}},"line":5},"1":{"name":"(anonymous_1)","decl":{"start":{"line":9,"column":21},"end":{"line":9,"column":22}},"loc":{"start":{"line":9,"column":41},"end":{"line":18,"column":3}},"line":9},"2":{"name":"(anonymous_2)","decl":{"start":{"line":11,"column":12},"end":{"line":11,"column":13}},"loc":{"start":{"line":11,"column":24},"end":{"line":17,"column":7}},"line":11},"3":{"name":"(anonymous_3)","decl":{"start":{"line":17,"column":15},"end":{"line":17,"column":16}},"loc":{"start":{"line":17,"column":22},"end":{"line":17,"column":31}},"line":17},"4":{"name":"(anonymous_4)","decl":{"start":{"line":20,"column":19},"end":{"line":20,"column":20}},"loc":{"start":{"line":20,"column":39},"end":{"line":24,"column":3}},"line":20},"5":{"name":"(anonymous_5)","decl":{"start":{"line":22,"column":12},"end":{"line":22,"column":13}},"loc":{"start":{"line":22,"column":18},"end":{"line":22,"column":24}},"line":22},"6":{"name":"(anonymous_6)","decl":{"start":{"line":23,"column":13},"end":{"line":23,"column":14}},"loc":{"start":{"line":23,"column":20},"end":{"line":23,"column":29}},"line":23},"7":{"name":"(anonymous_7)","decl":{"start":{"line":26,"column":18},"end":{"line":26,"column":19}},"loc":{"start":{"line":26,"column":44},"end":{"line":33,"column":3}},"line":26},"8":{"name":"(anonymous_8)","decl":{"start":{"line":35,"column":21},"end":{"line":35,"column":22}},"loc":{"start":{"line":35,"column":41},"end":{"line":39,"column":3}},"line":35},"9":{"name":"(anonymous_9)","decl":{"start":{"line":37,"column":12},"end":{"line":37,"column":13}},"loc":{"start":{"line":37,"column":22},"end":{"line":37,"column":50}},"line":37},"10":{"name":"(anonymous_10)","decl":{"start":{"line":38,"column":13},"end":{"line":38,"column":14}},"loc":{"start":{"line":38,"column":20},"end":{"line":38,"column":29}},"line":38},"11":{"name":"(anonymous_11)","decl":{"start":{"line":41,"column":29},"end":{"line":41,"column":30}},"loc":{"start":{"line":41,"column":49},"end":{"line":45,"column":3}},"line":41},"12":{"name":"(anonymous_12)","decl":{"start":{"line":43,"column":12},"end":{"line":43,"column":13}},"loc":{"start":{"line":43,"column":22},"end":{"line":43,"column":53}},"line":43},"13":{"name":"(anonymous_13)","decl":{"start":{"line":44,"column":13},"end":{"line":44,"column":14}},"loc":{"start":{"line":44,"column":20},"end":{"line":44,"column":29}},"line":44},"14":{"name":"(anonymous_14)","decl":{"start":{"line":47,"column":31},"end":{"line":47,"column":32}},"loc":{"start":{"line":47,"column":51},"end":{"line":51,"column":3}},"line":47},"15":{"name":"(anonymous_15)","decl":{"start":{"line":49,"column":12},"end":{"line":49,"column":13}},"loc":{"start":{"line":49,"column":22},"end":{"line":49,"column":53}},"line":49},"16":{"name":"(anonymous_16)","decl":{"start":{"line":50,"column":13},"end":{"line":50,"column":14}},"loc":{"start":{"line":50,"column":20},"end":{"line":50,"column":29}},"line":50},"17":{"name":"(anonymous_17)","decl":{"start":{"line":53,"column":24},"end":{"line":53,"column":25}},"loc":{"start":{"line":53,"column":44},"end":{"line":57,"column":2}},"line":53},"18":{"name":"(anonymous_18)","decl":{"start":{"line":55,"column":11},"end":{"line":55,"column":12}},"loc":{"start":{"line":55,"column":17},"end":{"line":55,"column":39}},"line":55},"19":{"name":"(anonymous_19)","decl":{"start":{"line":56,"column":12},"end":{"line":56,"column":13}},"loc":{"start":{"line":56,"column":19},"end":{"line":56,"column":28}},"line":56}},"branchMap":{"0":{"loc":{"start":{"line":12,"column":8},"end":{"line":16,"column":9}},"type":"if","locations":[{"start":{"line":12,"column":8},"end":{"line":16,"column":9}},{"start":{"line":12,"column":8},"end":{"line":16,"column":9}}],"line":12}},"s":{"0":7,"1":7,"2":7,"3":7,"4":7,"5":11,"6":11,"7":1,"8":10,"9":1,"10":7,"11":18,"12":4,"13":14,"14":7,"15":1,"16":1,"17":1,"18":0,"19":7,"20":1,"21":1,"22":0,"23":7,"24":3,"25":3,"26":0,"27":7,"28":1,"29":1,"30":0,"31":7,"32":1,"33":1,"34":0,"35":7},"f":{"0":7,"1":11,"2":11,"3":1,"4":18,"5":4,"6":14,"7":1,"8":1,"9":1,"10":0,"11":3,"12":3,"13":0,"14":1,"15":1,"16":0,"17":1,"18":1,"19":0},"b":{"0":[1,10]},"_coverageSchema":"332fd63041d2c1bcb487cc26dd0d5f7d97098a6c","hash":"49b7cf93aa0466331782aaa69dd459b50460ab89"}
,"E:\\Deal\\NodeJs\\udemy\\seubarriga\\src\\routes\\users.js": {"path":"E:\\Deal\\NodeJs\\udemy\\seubarriga\\src\\routes\\users.js","statementMap":{"0":{"start":{"line":1,"column":16},"end":{"line":1,"column":34}},"1":{"start":{"line":3,"column":0},"end":{"line":23,"column":1}},"2":{"start":{"line":5,"column":17},"end":{"line":5,"column":33}},"3":{"start":{"line":7,"column":2},"end":{"line":11,"column":5}},"4":{"start":{"line":8,"column":4},"end":{"line":10,"column":31}},"5":{"start":{"line":9,"column":22},"end":{"line":9,"column":50}},"6":{"start":{"line":10,"column":20},"end":{"line":10,"column":29}},"7":{"start":{"line":13,"column":2},"end":{"line":20,"column":5}},"8":{"start":{"line":14,"column":4},"end":{"line":19,"column":5}},"9":{"start":{"line":15,"column":21},"end":{"line":15,"column":59}},"10":{"start":{"line":16,"column":6},"end":{"line":16,"column":45}},"11":{"start":{"line":18,"column":6},"end":{"line":18,"column":23}},"12":{"start":{"line":22,"column":2},"end":{"line":22,"column":15}}},"fnMap":{"0":{"name":"(anonymous_0)","decl":{"start":{"line":3,"column":17},"end":{"line":3,"column":18}},"loc":{"start":{"line":3,"column":26},"end":{"line":23,"column":1}},"line":3},"1":{"name":"(anonymous_1)","decl":{"start":{"line":7,"column":18},"end":{"line":7,"column":19}},"loc":{"start":{"line":7,"column":44},"end":{"line":11,"column":3}},"line":7},"2":{"name":"(anonymous_2)","decl":{"start":{"line":9,"column":12},"end":{"line":9,"column":13}},"loc":{"start":{"line":9,"column":22},"end":{"line":9,"column":50}},"line":9},"3":{"name":"(anonymous_3)","decl":{"start":{"line":10,"column":13},"end":{"line":10,"column":14}},"loc":{"start":{"line":10,"column":20},"end":{"line":10,"column":29}},"line":10},"4":{"name":"(anonymous_4)","decl":{"start":{"line":13,"column":19},"end":{"line":13,"column":20}},"loc":{"start":{"line":13,"column":45},"end":{"line":20,"column":3}},"line":13}},"branchMap":{},"s":{"0":7,"1":7,"2":7,"3":7,"4":1,"5":1,"6":0,"7":7,"8":6,"9":6,"10":2,"11":4,"12":7},"f":{"0":7,"1":1,"2":1,"3":0,"4":6},"b":{},"_coverageSchema":"332fd63041d2c1bcb487cc26dd0d5f7d97098a6c","hash":"7b09553ef0c0444b8c040dd30a5440a8cc8725e4"}
,"E:\\Deal\\NodeJs\\udemy\\seubarriga\\src\\seeds\\01_transfer.js": {"path":"E:\\Deal\\NodeJs\\udemy\\seubarriga\\src\\seeds\\01_transfer.js","statementMap":{"0":{"start":{"line":1,"column":17},"end":{"line":1,"column":36}},"1":{"start":{"line":3,"column":0},"end":{"line":29,"column":2}},"2":{"start":{"line":5,"column":2},"end":{"line":28,"column":8}},"3":{"start":{"line":6,"column":16},"end":{"line":6,"column":39}},"4":{"start":{"line":7,"column":16},"end":{"line":7,"column":38}},"5":{"start":{"line":8,"column":16},"end":{"line":8,"column":35}},"6":{"start":{"line":9,"column":16},"end":{"line":12,"column":6}},"7":{"start":{"line":13,"column":16},"end":{"line":18,"column":6}},"8":{"start":{"line":19,"column":16},"end":{"line":22,"column":6}},"9":{"start":{"line":23,"column":16},"end":{"line":28,"column":6}}},"fnMap":{"0":{"name":"(anonymous_0)","decl":{"start":{"line":3,"column":15},"end":{"line":3,"column":16}},"loc":{"start":{"line":3,"column":25},"end":{"line":29,"column":1}},"line":3},"1":{"name":"(anonymous_1)","decl":{"start":{"line":6,"column":10},"end":{"line":6,"column":11}},"loc":{"start":{"line":6,"column":16},"end":{"line":6,"column":39}},"line":6},"2":{"name":"(anonymous_2)","decl":{"start":{"line":7,"column":10},"end":{"line":7,"column":11}},"loc":{"start":{"line":7,"column":16},"end":{"line":7,"column":38}},"line":7},"3":{"name":"(anonymous_3)","decl":{"start":{"line":8,"column":10},"end":{"line":8,"column":11}},"loc":{"start":{"line":8,"column":16},"end":{"line":8,"column":35}},"line":8},"4":{"name":"(anonymous_4)","decl":{"start":{"line":9,"column":10},"end":{"line":9,"column":11}},"loc":{"start":{"line":9,"column":16},"end":{"line":12,"column":6}},"line":9},"5":{"name":"(anonymous_5)","decl":{"start":{"line":13,"column":10},"end":{"line":13,"column":11}},"loc":{"start":{"line":13,"column":16},"end":{"line":18,"column":6}},"line":13},"6":{"name":"(anonymous_6)","decl":{"start":{"line":19,"column":10},"end":{"line":19,"column":11}},"loc":{"start":{"line":19,"column":16},"end":{"line":22,"column":6}},"line":19},"7":{"name":"(anonymous_7)","decl":{"start":{"line":23,"column":10},"end":{"line":23,"column":11}},"loc":{"start":{"line":23,"column":16},"end":{"line":28,"column":6}},"line":23}},"branchMap":{},"s":{"0":2,"1":2,"2":2,"3":2,"4":2,"5":2,"6":2,"7":2,"8":2,"9":2},"f":{"0":2,"1":2,"2":2,"3":2,"4":2,"5":2,"6":2,"7":2},"b":{},"_coverageSchema":"332fd63041d2c1bcb487cc26dd0d5f7d97098a6c","hash":"f4cbb020926ec680f5691cc38361407b647721a9"}
,"E:\\Deal\\NodeJs\\udemy\\seubarriga\\src\\seeds\\02_balance.js": {"path":"E:\\Deal\\NodeJs\\udemy\\seubarriga\\src\\seeds\\02_balance.js","statementMap":{"0":{"start":{"line":1,"column":17},"end":{"line":1,"column":36}},"1":{"start":{"line":2,"column":15},"end":{"line":2,"column":32}},"2":{"start":{"line":4,"column":0},"end":{"line":35,"column":2}},"3":{"start":{"line":5,"column":2},"end":{"line":34,"column":6}},"4":{"start":{"line":10,"column":14},"end":{"line":17,"column":4}},"5":{"start":{"line":18,"column":14},"end":{"line":21,"column":4}},"6":{"start":{"line":22,"column":14},"end":{"line":34,"column":4}}},"fnMap":{"0":{"name":"(anonymous_0)","decl":{"start":{"line":4,"column":15},"end":{"line":4,"column":16}},"loc":{"start":{"line":4,"column":25},"end":{"line":35,"column":1}},"line":4},"1":{"name":"(anonymous_1)","decl":{"start":{"line":10,"column":8},"end":{"line":10,"column":9}},"loc":{"start":{"line":10,"column":14},"end":{"line":17,"column":4}},"line":10},"2":{"name":"(anonymous_2)","decl":{"start":{"line":18,"column":8},"end":{"line":18,"column":9}},"loc":{"start":{"line":18,"column":14},"end":{"line":21,"column":4}},"line":18},"3":{"name":"(anonymous_3)","decl":{"start":{"line":22,"column":8},"end":{"line":22,"column":9}},"loc":{"start":{"line":22,"column":14},"end":{"line":34,"column":4}},"line":22}},"branchMap":{},"s":{"0":2,"1":2,"2":2,"3":2,"4":2,"5":2,"6":2},"f":{"0":2,"1":2,"2":2,"3":2},"b":{},"_coverageSchema":"332fd63041d2c1bcb487cc26dd0d5f7d97098a6c","hash":"04002cee1dcbe5d37774f2a1af129d249203cf6f"}
,"E:\\Deal\\NodeJs\\udemy\\seubarriga\\src\\services\\account.js": {"path":"E:\\Deal\\NodeJs\\udemy\\seubarriga\\src\\services\\account.js","statementMap":{"0":{"start":{"line":1,"column":24},"end":{"line":1,"column":60}},"1":{"start":{"line":3,"column":0},"end":{"line":50,"column":1}},"2":{"start":{"line":5,"column":18},"end":{"line":7,"column":3}},"3":{"start":{"line":6,"column":4},"end":{"line":6,"column":57}},"4":{"start":{"line":9,"column":15},"end":{"line":11,"column":3}},"5":{"start":{"line":10,"column":4},"end":{"line":10,"column":52}},"6":{"start":{"line":13,"column":15},"end":{"line":28,"column":3}},"7":{"start":{"line":14,"column":4},"end":{"line":16,"column":5}},"8":{"start":{"line":15,"column":6},"end":{"line":15,"column":67}},"9":{"start":{"line":17,"column":4},"end":{"line":19,"column":5}},"10":{"start":{"line":18,"column":6},"end":{"line":18,"column":70}},"11":{"start":{"line":21,"column":18},"end":{"line":21,"column":78}},"12":{"start":{"line":23,"column":4},"end":{"line":25,"column":5}},"13":{"start":{"line":24,"column":6},"end":{"line":24,"column":79}},"14":{"start":{"line":27,"column":4},"end":{"line":27,"column":57}},"15":{"start":{"line":30,"column":17},"end":{"line":32,"column":3}},"16":{"start":{"line":31,"column":4},"end":{"line":31,"column":71}},"17":{"start":{"line":34,"column":17},"end":{"line":41,"column":3}},"18":{"start":{"line":35,"column":24},"end":{"line":35,"column":78}},"19":{"start":{"line":37,"column":4},"end":{"line":38,"column":76}},"20":{"start":{"line":38,"column":6},"end":{"line":38,"column":76}},"21":{"start":{"line":40,"column":4},"end":{"line":40,"column":56}},"22":{"start":{"line":43,"column":2},"end":{"line":49,"column":4}}},"fnMap":{"0":{"name":"(anonymous_0)","decl":{"start":{"line":3,"column":17},"end":{"line":3,"column":18}},"loc":{"start":{"line":3,"column":26},"end":{"line":50,"column":1}},"line":3},"1":{"name":"(anonymous_1)","decl":{"start":{"line":5,"column":18},"end":{"line":5,"column":19}},"loc":{"start":{"line":5,"column":30},"end":{"line":7,"column":3}},"line":5},"2":{"name":"(anonymous_2)","decl":{"start":{"line":9,"column":15},"end":{"line":9,"column":16}},"loc":{"start":{"line":9,"column":32},"end":{"line":11,"column":3}},"line":9},"3":{"name":"(anonymous_3)","decl":{"start":{"line":13,"column":15},"end":{"line":13,"column":16}},"loc":{"start":{"line":13,"column":34},"end":{"line":28,"column":3}},"line":13},"4":{"name":"(anonymous_4)","decl":{"start":{"line":30,"column":17},"end":{"line":30,"column":18}},"loc":{"start":{"line":30,"column":40},"end":{"line":32,"column":3}},"line":30},"5":{"name":"(anonymous_5)","decl":{"start":{"line":34,"column":17},"end":{"line":34,"column":18}},"loc":{"start":{"line":34,"column":31},"end":{"line":41,"column":3}},"line":34}},"branchMap":{"0":{"loc":{"start":{"line":9,"column":16},"end":{"line":9,"column":27}},"type":"default-arg","locations":[{"start":{"line":9,"column":25},"end":{"line":9,"column":27}}],"line":9},"1":{"loc":{"start":{"line":14,"column":4},"end":{"line":16,"column":5}},"type":"if","locations":[{"start":{"line":14,"column":4},"end":{"line":16,"column":5}},{"start":{"line":14,"column":4},"end":{"line":16,"column":5}}],"line":14},"2":{"loc":{"start":{"line":17,"column":4},"end":{"line":19,"column":5}},"type":"if","locations":[{"start":{"line":17,"column":4},"end":{"line":19,"column":5}},{"start":{"line":17,"column":4},"end":{"line":19,"column":5}}],"line":17},"3":{"loc":{"start":{"line":23,"column":4},"end":{"line":25,"column":5}},"type":"if","locations":[{"start":{"line":23,"column":4},"end":{"line":25,"column":5}},{"start":{"line":23,"column":4},"end":{"line":25,"column":5}}],"line":23},"4":{"loc":{"start":{"line":37,"column":4},"end":{"line":38,"column":76}},"type":"if","locations":[{"start":{"line":37,"column":4},"end":{"line":38,"column":76}},{"start":{"line":37,"column":4},"end":{"line":38,"column":76}}],"line":37}},"s":{"0":7,"1":7,"2":7,"3":2,"4":7,"5":10,"6":7,"7":3,"8":1,"9":2,"10":0,"11":2,"12":2,"13":1,"14":1,"15":7,"16":1,"17":7,"18":2,"19":2,"20":1,"21":1,"22":7},"f":{"0":7,"1":2,"2":10,"3":3,"4":1,"5":2},"b":{"0":[0],"1":[1,2],"2":[0,2],"3":[1,1],"4":[1,1]},"_coverageSchema":"332fd63041d2c1bcb487cc26dd0d5f7d97098a6c","hash":"f448b330036451d35c15d7ce263cdafe9d4a37a8"}
,"E:\\Deal\\NodeJs\\udemy\\seubarriga\\src\\services\\balance.js": {"path":"E:\\Deal\\NodeJs\\udemy\\seubarriga\\src\\services\\balance.js","statementMap":{"0":{"start":{"line":1,"column":0},"end":{"line":15,"column":2}},"1":{"start":{"line":3,"column":19},"end":{"line":11,"column":3}},"2":{"start":{"line":4,"column":4},"end":{"line":10,"column":25}},"3":{"start":{"line":13,"column":2},"end":{"line":13,"column":22}}},"fnMap":{"0":{"name":"(anonymous_0)","decl":{"start":{"line":1,"column":17},"end":{"line":1,"column":18}},"loc":{"start":{"line":1,"column":26},"end":{"line":15,"column":1}},"line":1},"1":{"name":"(anonymous_1)","decl":{"start":{"line":3,"column":19},"end":{"line":3,"column":20}},"loc":{"start":{"line":3,"column":31},"end":{"line":11,"column":3}},"line":3}},"branchMap":{},"s":{"0":7,"1":7,"2":10,"3":7},"f":{"0":7,"1":10},"b":{},"_coverageSchema":"332fd63041d2c1bcb487cc26dd0d5f7d97098a6c","hash":"888d26dec04e157312a6bf13ddf1d3d088f8230f"}
,"E:\\Deal\\NodeJs\\udemy\\seubarriga\\src\\services\\transaction.js": {"path":"E:\\Deal\\NodeJs\\udemy\\seubarriga\\src\\services\\transaction.js","statementMap":{"0":{"start":{"line":1,"column":24},"end":{"line":1,"column":60}},"1":{"start":{"line":3,"column":0},"end":{"line":64,"column":1}},"2":{"start":{"line":5,"column":15},"end":{"line":12,"column":3}},"3":{"start":{"line":6,"column":19},"end":{"line":10,"column":15}},"4":{"start":{"line":11,"column":4},"end":{"line":11,"column":18}},"5":{"start":{"line":14,"column":18},"end":{"line":19,"column":3}},"6":{"start":{"line":15,"column":24},"end":{"line":17,"column":14}},"7":{"start":{"line":18,"column":4},"end":{"line":18,"column":23}},"8":{"start":{"line":21,"column":15},"end":{"line":47,"column":3}},"9":{"start":{"line":23,"column":4},"end":{"line":23,"column":102}},"10":{"start":{"line":23,"column":34},"end":{"line":23,"column":102}},"11":{"start":{"line":24,"column":4},"end":{"line":24,"column":94}},"12":{"start":{"line":24,"column":30},"end":{"line":24,"column":94}},"13":{"start":{"line":25,"column":4},"end":{"line":25,"column":88}},"14":{"start":{"line":25,"column":27},"end":{"line":25,"column":88}},"15":{"start":{"line":26,"column":4},"end":{"line":26,"column":93}},"16":{"start":{"line":26,"column":29},"end":{"line":26,"column":93}},"17":{"start":{"line":27,"column":4},"end":{"line":27,"column":88}},"18":{"start":{"line":27,"column":27},"end":{"line":27,"column":88}},"19":{"start":{"line":29,"column":4},"end":{"line":33,"column":5}},"20":{"start":{"line":30,"column":6},"end":{"line":32,"column":7}},"21":{"start":{"line":31,"column":8},"end":{"line":31,"column":72}},"22":{"start":{"line":35,"column":4},"end":{"line":38,"column":5}},"23":{"start":{"line":37,"column":8},"end":{"line":37,"column":34}},"24":{"start":{"line":40,"column":20},"end":{"line":40,"column":92}},"25":{"start":{"line":42,"column":4},"end":{"line":44,"column":5}},"26":{"start":{"line":43,"column":6},"end":{"line":43,"column":83}},"27":{"start":{"line":46,"column":4},"end":{"line":46,"column":59}},"28":{"start":{"line":49,"column":17},"end":{"line":51,"column":3}},"29":{"start":{"line":50,"column":4},"end":{"line":50,"column":79}},"30":{"start":{"line":53,"column":17},"end":{"line":55,"column":3}},"31":{"start":{"line":54,"column":4},"end":{"line":54,"column":60}},"32":{"start":{"line":57,"column":2},"end":{"line":63,"column":4}}},"fnMap":{"0":{"name":"(anonymous_0)","decl":{"start":{"line":3,"column":17},"end":{"line":3,"column":18}},"loc":{"start":{"line":3,"column":26},"end":{"line":64,"column":1}},"line":3},"1":{"name":"(anonymous_1)","decl":{"start":{"line":5,"column":15},"end":{"line":5,"column":16}},"loc":{"start":{"line":5,"column":46},"end":{"line":12,"column":3}},"line":5},"2":{"name":"(anonymous_2)","decl":{"start":{"line":14,"column":18},"end":{"line":14,"column":19}},"loc":{"start":{"line":14,"column":36},"end":{"line":19,"column":3}},"line":14},"3":{"name":"(anonymous_3)","decl":{"start":{"line":21,"column":15},"end":{"line":21,"column":16}},"loc":{"start":{"line":21,"column":38},"end":{"line":47,"column":3}},"line":21},"4":{"name":"(anonymous_4)","decl":{"start":{"line":49,"column":17},"end":{"line":49,"column":18}},"loc":{"start":{"line":49,"column":44},"end":{"line":51,"column":3}},"line":49},"5":{"name":"(anonymous_5)","decl":{"start":{"line":53,"column":17},"end":{"line":53,"column":18}},"loc":{"start":{"line":53,"column":31},"end":{"line":55,"column":3}},"line":53}},"branchMap":{"0":{"loc":{"start":{"line":5,"column":30},"end":{"line":5,"column":41}},"type":"default-arg","locations":[{"start":{"line":5,"column":39},"end":{"line":5,"column":41}}],"line":5},"1":{"loc":{"start":{"line":23,"column":4},"end":{"line":23,"column":102}},"type":"if","locations":[{"start":{"line":23,"column":4},"end":{"line":23,"column":102}},{"start":{"line":23,"column":4},"end":{"line":23,"column":102}}],"line":23},"2":{"loc":{"start":{"line":24,"column":4},"end":{"line":24,"column":94}},"type":"if","locations":[{"start":{"line":24,"column":4},"end":{"line":24,"column":94}},{"start":{"line":24,"column":4},"end":{"line":24,"column":94}}],"line":24},"3":{"loc":{"start":{"line":25,"column":4},"end":{"line":25,"column":88}},"type":"if","locations":[{"start":{"line":25,"column":4},"end":{"line":25,"column":88}},{"start":{"line":25,"column":4},"end":{"line":25,"column":88}}],"line":25},"4":{"loc":{"start":{"line":26,"column":4},"end":{"line":26,"column":93}},"type":"if","locations":[{"start":{"line":26,"column":4},"end":{"line":26,"column":93}},{"start":{"line":26,"column":4},"end":{"line":26,"column":93}}],"line":26},"5":{"loc":{"start":{"line":27,"column":4},"end":{"line":27,"column":88}},"type":"if","locations":[{"start":{"line":27,"column":4},"end":{"line":27,"column":88}},{"start":{"line":27,"column":4},"end":{"line":27,"column":88}}],"line":27},"6":{"loc":{"start":{"line":29,"column":4},"end":{"line":33,"column":5}},"type":"if","locations":[{"start":{"line":29,"column":4},"end":{"line":33,"column":5}},{"start":{"line":29,"column":4},"end":{"line":33,"column":5}}],"line":29},"7":{"loc":{"start":{"line":30,"column":6},"end":{"line":32,"column":7}},"type":"if","locations":[{"start":{"line":30,"column":6},"end":{"line":32,"column":7}},{"start":{"line":30,"column":6},"end":{"line":32,"column":7}}],"line":30},"8":{"loc":{"start":{"line":30,"column":10},"end":{"line":30,"column":62}},"type":"binary-expr","locations":[{"start":{"line":30,"column":10},"end":{"line":30,"column":34}},{"start":{"line":30,"column":38},"end":{"line":30,"column":62}}],"line":30},"9":{"loc":{"start":{"line":35,"column":4},"end":{"line":38,"column":5}},"type":"if","locations":[{"start":{"line":35,"column":4},"end":{"line":38,"column":5}},{"start":{"line":35,"column":4},"end":{"line":38,"column":5}}],"line":35},"10":{"loc":{"start":{"line":35,"column":8},"end":{"line":36,"column":62}},"type":"binary-expr","locations":[{"start":{"line":35,"column":9},"end":{"line":35,"column":33}},{"start":{"line":35,"column":37},"end":{"line":35,"column":60}},{"start":{"line":36,"column":10},"end":{"line":36,"column":34}},{"start":{"line":36,"column":38},"end":{"line":36,"column":61}}],"line":35},"11":{"loc":{"start":{"line":42,"column":4},"end":{"line":44,"column":5}},"type":"if","locations":[{"start":{"line":42,"column":4},"end":{"line":44,"column":5}},{"start":{"line":42,"column":4},"end":{"line":44,"column":5}}],"line":42},"12":{"loc":{"start":{"line":42,"column":8},"end":{"line":42,"column":37}},"type":"binary-expr","locations":[{"start":{"line":42,"column":8},"end":{"line":42,"column":15}},{"start":{"line":42,"column":19},"end":{"line":42,"column":37}}],"line":42}},"s":{"0":7,"1":7,"2":7,"3":16,"4":16,"5":7,"6":3,"7":3,"8":7,"9":16,"10":1,"11":15,"12":1,"13":14,"14":1,"15":13,"16":1,"17":12,"18":1,"19":11,"20":11,"21":1,"22":10,"23":5,"24":10,"25":10,"26":0,"27":10,"28":7,"29":1,"30":7,"31":1,"32":7},"f":{"0":7,"1":16,"2":3,"3":16,"4":1,"5":1},"b":{"0":[2],"1":[1,15],"2":[1,14],"3":[1,13],"4":[1,12],"5":[1,11],"6":[11,0],"7":[1,10],"8":[11,5],"9":[5,5],"10":[10,6,9,4],"11":[0,10],"12":[10,10]},"_coverageSchema":"332fd63041d2c1bcb487cc26dd0d5f7d97098a6c","hash":"96f0d5680a886dadbf573b83da99ad21b20ce270"}
,"E:\\Deal\\NodeJs\\udemy\\seubarriga\\src\\services\\transfer.js": {"path":"E:\\Deal\\NodeJs\\udemy\\seubarriga\\src\\services\\transfer.js","statementMap":{"0":{"start":{"line":1,"column":24},"end":{"line":1,"column":60}},"1":{"start":{"line":3,"column":0},"end":{"line":116,"column":1}},"2":{"start":{"line":5,"column":15},"end":{"line":10,"column":3}},"3":{"start":{"line":6,"column":19},"end":{"line":8,"column":15}},"4":{"start":{"line":9,"column":4},"end":{"line":9,"column":18}},"5":{"start":{"line":12,"column":18},"end":{"line":17,"column":3}},"6":{"start":{"line":13,"column":21},"end":{"line":15,"column":14}},"7":{"start":{"line":16,"column":4},"end":{"line":16,"column":20}},"8":{"start":{"line":19,"column":19},"end":{"line":37,"column":3}},"9":{"start":{"line":21,"column":4},"end":{"line":21,"column":99}},"10":{"start":{"line":21,"column":31},"end":{"line":21,"column":99}},"11":{"start":{"line":22,"column":4},"end":{"line":22,"column":91}},"12":{"start":{"line":22,"column":27},"end":{"line":22,"column":91}},"13":{"start":{"line":23,"column":4},"end":{"line":23,"column":85}},"14":{"start":{"line":23,"column":24},"end":{"line":23,"column":85}},"15":{"start":{"line":24,"column":4},"end":{"line":24,"column":106}},"16":{"start":{"line":24,"column":30},"end":{"line":24,"column":106}},"17":{"start":{"line":25,"column":4},"end":{"line":25,"column":106}},"18":{"start":{"line":25,"column":30},"end":{"line":25,"column":106}},"19":{"start":{"line":26,"column":4},"end":{"line":26,"column":125}},"20":{"start":{"line":26,"column":53},"end":{"line":26,"column":125}},"21":{"start":{"line":28,"column":21},"end":{"line":30,"column":15}},"22":{"start":{"line":32,"column":4},"end":{"line":35,"column":7}},"23":{"start":{"line":33,"column":6},"end":{"line":34,"column":69}},"24":{"start":{"line":34,"column":8},"end":{"line":34,"column":69}},"25":{"start":{"line":39,"column":15},"end":{"line":69,"column":3}},"26":{"start":{"line":41,"column":19},"end":{"line":41,"column":66}},"27":{"start":{"line":43,"column":23},"end":{"line":43,"column":35}},"28":{"start":{"line":45,"column":25},"end":{"line":64,"column":5}},"29":{"start":{"line":66,"column":4},"end":{"line":66,"column":54}},"30":{"start":{"line":68,"column":4},"end":{"line":68,"column":18}},"31":{"start":{"line":71,"column":17},"end":{"line":105,"column":3}},"32":{"start":{"line":72,"column":19},"end":{"line":74,"column":28}},"33":{"start":{"line":76,"column":25},"end":{"line":95,"column":5}},"34":{"start":{"line":97,"column":4},"end":{"line":99,"column":13}},"35":{"start":{"line":101,"column":4},"end":{"line":101,"column":54}},"36":{"start":{"line":103,"column":4},"end":{"line":103,"column":73}},"37":{"start":{"line":107,"column":17},"end":{"line":112,"column":3}},"38":{"start":{"line":109,"column":4},"end":{"line":109,"column":66}},"39":{"start":{"line":111,"column":4},"end":{"line":111,"column":57}},"40":{"start":{"line":114,"column":2},"end":{"line":114,"column":59}}},"fnMap":{"0":{"name":"(anonymous_0)","decl":{"start":{"line":3,"column":17},"end":{"line":3,"column":18}},"loc":{"start":{"line":3,"column":26},"end":{"line":116,"column":1}},"line":3},"1":{"name":"(anonymous_1)","decl":{"start":{"line":5,"column":15},"end":{"line":5,"column":16}},"loc":{"start":{"line":5,"column":38},"end":{"line":10,"column":3}},"line":5},"2":{"name":"(anonymous_2)","decl":{"start":{"line":12,"column":18},"end":{"line":12,"column":19}},"loc":{"start":{"line":12,"column":36},"end":{"line":17,"column":3}},"line":12},"3":{"name":"(anonymous_3)","decl":{"start":{"line":19,"column":19},"end":{"line":19,"column":20}},"loc":{"start":{"line":19,"column":39},"end":{"line":37,"column":3}},"line":19},"4":{"name":"(anonymous_4)","decl":{"start":{"line":32,"column":21},"end":{"line":32,"column":22}},"loc":{"start":{"line":32,"column":28},"end":{"line":35,"column":5}},"line":32},"5":{"name":"(anonymous_5)","decl":{"start":{"line":39,"column":15},"end":{"line":39,"column":16}},"loc":{"start":{"line":39,"column":35},"end":{"line":69,"column":3}},"line":39},"6":{"name":"(anonymous_6)","decl":{"start":{"line":71,"column":17},"end":{"line":71,"column":18}},"loc":{"start":{"line":71,"column":41},"end":{"line":105,"column":3}},"line":71},"7":{"name":"(anonymous_7)","decl":{"start":{"line":107,"column":17},"end":{"line":107,"column":18}},"loc":{"start":{"line":107,"column":31},"end":{"line":112,"column":3}},"line":107}},"branchMap":{"0":{"loc":{"start":{"line":5,"column":22},"end":{"line":5,"column":33}},"type":"default-arg","locations":[{"start":{"line":5,"column":31},"end":{"line":5,"column":33}}],"line":5},"1":{"loc":{"start":{"line":21,"column":4},"end":{"line":21,"column":99}},"type":"if","locations":[{"start":{"line":21,"column":4},"end":{"line":21,"column":99}},{"start":{"line":21,"column":4},"end":{"line":21,"column":99}}],"line":21},"2":{"loc":{"start":{"line":22,"column":4},"end":{"line":22,"column":91}},"type":"if","locations":[{"start":{"line":22,"column":4},"end":{"line":22,"column":91}},{"start":{"line":22,"column":4},"end":{"line":22,"column":91}}],"line":22},"3":{"loc":{"start":{"line":23,"column":4},"end":{"line":23,"column":85}},"type":"if","locations":[{"start":{"line":23,"column":4},"end":{"line":23,"column":85}},{"start":{"line":23,"column":4},"end":{"line":23,"column":85}}],"line":23},"4":{"loc":{"start":{"line":24,"column":4},"end":{"line":24,"column":106}},"type":"if","locations":[{"start":{"line":24,"column":4},"end":{"line":24,"column":106}},{"start":{"line":24,"column":4},"end":{"line":24,"column":106}}],"line":24},"5":{"loc":{"start":{"line":25,"column":4},"end":{"line":25,"column":106}},"type":"if","locations":[{"start":{"line":25,"column":4},"end":{"line":25,"column":106}},{"start":{"line":25,"column":4},"end":{"line":25,"column":106}}],"line":25},"6":{"loc":{"start":{"line":26,"column":4},"end":{"line":26,"column":125}},"type":"if","locations":[{"start":{"line":26,"column":4},"end":{"line":26,"column":125}},{"start":{"line":26,"column":4},"end":{"line":26,"column":125}}],"line":26},"7":{"loc":{"start":{"line":33,"column":6},"end":{"line":34,"column":69}},"type":"if","locations":[{"start":{"line":33,"column":6},"end":{"line":34,"column":69}},{"start":{"line":33,"column":6},"end":{"line":34,"column":69}}],"line":33}},"s":{"0":7,"1":7,"2":7,"3":1,"4":1,"5":7,"6":12,"7":12,"8":7,"9":18,"10":2,"11":16,"12":2,"13":14,"14":2,"15":12,"16":2,"17":10,"18":2,"19":8,"20":2,"21":6,"22":6,"23":10,"24":2,"25":7,"26":3,"27":3,"28":3,"29":3,"30":3,"31":7,"32":1,"33":1,"34":1,"35":1,"36":1,"37":7,"38":1,"39":1,"40":7},"f":{"0":7,"1":1,"2":12,"3":18,"4":10,"5":3,"6":1,"7":1},"b":{"0":[0],"1":[2,16],"2":[2,14],"3":[2,12],"4":[2,10],"5":[2,8],"6":[2,6],"7":[2,8]},"_coverageSchema":"332fd63041d2c1bcb487cc26dd0d5f7d97098a6c","hash":"17bfe1ae2f092beac9168a5d1198e99883e361dc"}
,"E:\\Deal\\NodeJs\\udemy\\seubarriga\\src\\services\\user.js": {"path":"E:\\Deal\\NodeJs\\udemy\\seubarriga\\src\\services\\user.js","statementMap":{"0":{"start":{"line":1,"column":15},"end":{"line":1,"column":39}},"1":{"start":{"line":2,"column":24},"end":{"line":2,"column":60}},"2":{"start":{"line":4,"column":0},"end":{"line":42,"column":1}},"3":{"start":{"line":6,"column":18},"end":{"line":8,"column":3}},"4":{"start":{"line":7,"column":4},"end":{"line":7,"column":58}},"5":{"start":{"line":10,"column":18},"end":{"line":12,"column":3}},"6":{"start":{"line":11,"column":4},"end":{"line":11,"column":49}},"7":{"start":{"line":14,"column":26},"end":{"line":17,"column":3}},"8":{"start":{"line":15,"column":17},"end":{"line":15,"column":39}},"9":{"start":{"line":16,"column":4},"end":{"line":16,"column":41}},"10":{"start":{"line":19,"column":15},"end":{"line":39,"column":3}},"11":{"start":{"line":20,"column":4},"end":{"line":22,"column":5}},"12":{"start":{"line":21,"column":6},"end":{"line":21,"column":68}},"13":{"start":{"line":23,"column":4},"end":{"line":25,"column":5}},"14":{"start":{"line":24,"column":6},"end":{"line":24,"column":68}},"15":{"start":{"line":26,"column":4},"end":{"line":28,"column":5}},"16":{"start":{"line":27,"column":6},"end":{"line":27,"column":72}},"17":{"start":{"line":30,"column":19},"end":{"line":30,"column":53}},"18":{"start":{"line":32,"column":4},"end":{"line":34,"column":5}},"19":{"start":{"line":33,"column":6},"end":{"line":33,"column":78}},"20":{"start":{"line":36,"column":4},"end":{"line":36,"column":47}},"21":{"start":{"line":38,"column":4},"end":{"line":38,"column":70}},"22":{"start":{"line":41,"column":2},"end":{"line":41,"column":53}}},"fnMap":{"0":{"name":"(anonymous_0)","decl":{"start":{"line":4,"column":17},"end":{"line":4,"column":18}},"loc":{"start":{"line":4,"column":26},"end":{"line":42,"column":1}},"line":4},"1":{"name":"(anonymous_1)","decl":{"start":{"line":6,"column":18},"end":{"line":6,"column":19}},"loc":{"start":{"line":6,"column":24},"end":{"line":8,"column":3}},"line":6},"2":{"name":"(anonymous_2)","decl":{"start":{"line":10,"column":18},"end":{"line":10,"column":19}},"loc":{"start":{"line":10,"column":35},"end":{"line":12,"column":3}},"line":10},"3":{"name":"(anonymous_3)","decl":{"start":{"line":14,"column":26},"end":{"line":14,"column":27}},"loc":{"start":{"line":14,"column":38},"end":{"line":17,"column":3}},"line":14},"4":{"name":"(anonymous_4)","decl":{"start":{"line":19,"column":15},"end":{"line":19,"column":16}},"loc":{"start":{"line":19,"column":31},"end":{"line":39,"column":3}},"line":19}},"branchMap":{"0":{"loc":{"start":{"line":10,"column":19},"end":{"line":10,"column":30}},"type":"default-arg","locations":[{"start":{"line":10,"column":28},"end":{"line":10,"column":30}}],"line":10},"1":{"loc":{"start":{"line":20,"column":4},"end":{"line":22,"column":5}},"type":"if","locations":[{"start":{"line":20,"column":4},"end":{"line":22,"column":5}},{"start":{"line":20,"column":4},"end":{"line":22,"column":5}}],"line":20},"2":{"loc":{"start":{"line":23,"column":4},"end":{"line":25,"column":5}},"type":"if","locations":[{"start":{"line":23,"column":4},"end":{"line":25,"column":5}},{"start":{"line":23,"column":4},"end":{"line":25,"column":5}}],"line":23},"3":{"loc":{"start":{"line":26,"column":4},"end":{"line":28,"column":5}},"type":"if","locations":[{"start":{"line":26,"column":4},"end":{"line":28,"column":5}},{"start":{"line":26,"column":4},"end":{"line":28,"column":5}}],"line":26},"4":{"loc":{"start":{"line":32,"column":4},"end":{"line":34,"column":5}},"type":"if","locations":[{"start":{"line":32,"column":4},"end":{"line":34,"column":5}},{"start":{"line":32,"column":4},"end":{"line":34,"column":5}}],"line":32}},"s":{"0":7,"1":7,"2":7,"3":7,"4":1,"5":7,"6":86,"7":7,"8":8,"9":8,"10":7,"11":12,"12":1,"13":11,"14":1,"15":10,"16":1,"17":9,"18":9,"19":1,"20":8,"21":8,"22":7},"f":{"0":7,"1":1,"2":86,"3":8,"4":12},"b":{"0":[0],"1":[1,11],"2":[1,10],"3":[1,9],"4":[1,8]},"_coverageSchema":"332fd63041d2c1bcb487cc26dd0d5f7d97098a6c","hash":"de3f4bfafa9b370a5f33b43b8a61d9f23506ec1f"}
}
