TN:
SF:E:\Deal\NodeJs\udemy\seubarriga\knexfile.js
FNF:0
FNH:0
DA:1,7
LF:1
LH:1
BRF:0
BRH:0
end_of_record
TN:
SF:E:\Deal\NodeJs\udemy\seubarriga\src\app.js
FN:19,(anonymous_0)
FN:23,(anonymous_1)
FNF:2
FNH:2
FNDA:1,(anonymous_0)
FNDA:34,(anonymous_1)
DA:2,7
DA:3,7
DA:4,7
DA:6,7
DA:9,7
DA:11,7
DA:19,7
DA:20,1
DA:23,7
DA:24,34
DA:25,34
DA:26,29
DA:27,5
DA:28,5
DA:30,0
DA:32,34
DA:41,7
LF:17
LH:16
BRDA:25,0,0,29
BRDA:25,0,1,5
BRDA:27,1,0,5
BRDA:27,1,1,0
BRF:4
BRH:3
end_of_record
TN:
SF:E:\Deal\NodeJs\udemy\seubarriga\src\config\middlewares.js
FN:5,(anonymous_0)
FNF:1
FNH:1
FNDA:7,(anonymous_0)
DA:2,7
DA:5,7
DA:6,7
LF:3
LH:3
BRF:0
BRH:0
end_of_record
TN:
SF:E:\Deal\NodeJs\udemy\seubarriga\src\config\passport.js
FN:9,(anonymous_0)
FN:16,(anonymous_1)
FN:18,(anonymous_2)
FN:21,(anonymous_3)
FN:27,(anonymous_4)
FNF:5
FNH:4
FNDA:7,(anonymous_0)
FNDA:73,(anonymous_1)
FNDA:73,(anonymous_2)
FNDA:0,(anonymous_3)
FNDA:7,(anonymous_4)
DA:2,7
DA:3,7
DA:5,7
DA:7,7
DA:9,7
DA:11,7
DA:16,7
DA:17,73
DA:19,73
DA:20,0
DA:21,0
DA:24,7
DA:26,7
DA:27,7
LF:14
LH:12
BRDA:19,0,0,73
BRDA:19,0,1,0
BRF:2
BRH:1
end_of_record
TN:
SF:E:\Deal\NodeJs\udemy\seubarriga\src\config\router.js
FN:4,(anonymous_0)
FNF:1
FNH:1
FNDA:7,(anonymous_0)
DA:2,7
DA:4,7
DA:5,7
DA:7,7
DA:9,7
DA:10,7
DA:11,7
DA:12,7
DA:13,7
DA:15,7
LF:10
LH:10
BRF:0
BRH:0
end_of_record
TN:
SF:E:\Deal\NodeJs\udemy\seubarriga\src\errors\forbiddenError.js
FN:2,forbiddenError
FNF:1
FNH:1
FNDA:5,forbiddenError
DA:2,7
DA:3,5
DA:4,5
LF:3
LH:3
BRDA:2,0,0,5
BRF:1
BRH:1
end_of_record
TN:
SF:E:\Deal\NodeJs\udemy\seubarriga\src\errors\validationError.js
FN:2,validationError
FNF:1
FNH:1
FNDA:29,validationError
DA:2,7
DA:3,29
DA:4,29
LF:3
LH:3
BRF:0
BRH:0
end_of_record
TN:
SF:E:\Deal\NodeJs\udemy\seubarriga\src\routes\accounts.js
FN:6,(anonymous_0)
FN:10,(anonymous_1)
FN:12,(anonymous_2)
FN:18,(anonymous_3)
FN:21,(anonymous_4)
FN:23,(anonymous_5)
FN:24,(anonymous_6)
FN:27,(anonymous_7)
FN:29,(anonymous_8)
FN:30,(anonymous_9)
FN:33,(anonymous_10)
FN:36,(anonymous_11)
FN:37,(anonymous_12)
FN:40,(anonymous_13)
FN:42,(anonymous_14)
FN:43,(anonymous_15)
FN:46,(anonymous_16)
FN:48,(anonymous_17)
FN:49,(anonymous_18)
FNF:19
FNH:16
FNDA:7,(anonymous_0)
FNDA:7,(anonymous_1)
FNDA:7,(anonymous_2)
FNDA:3,(anonymous_3)
FNDA:2,(anonymous_4)
FNDA:2,(anonymous_5)
FNDA:0,(anonymous_6)
FNDA:1,(anonymous_7)
FNDA:1,(anonymous_8)
FNDA:0,(anonymous_9)
FNDA:3,(anonymous_10)
FNDA:1,(anonymous_11)
FNDA:2,(anonymous_12)
FNDA:1,(anonymous_13)
FNDA:1,(anonymous_14)
FNDA:0,(anonymous_15)
FNDA:2,(anonymous_16)
FNDA:1,(anonymous_17)
FNDA:1,(anonymous_18)
DA:2,7
DA:4,7
DA:6,7
DA:8,7
DA:10,7
DA:11,7
DA:13,7
DA:14,3
DA:16,4
DA:18,3
DA:21,7
DA:22,2
DA:23,2
DA:24,0
DA:27,7
DA:28,1
DA:29,1
DA:30,0
DA:33,7
DA:34,3
DA:35,3
DA:36,1
DA:37,2
DA:40,7
DA:41,1
DA:42,1
DA:43,0
DA:46,7
DA:47,2
DA:48,1
DA:49,1
DA:52,7
LF:32
LH:29
BRDA:13,0,0,3
BRDA:13,0,1,4
BRF:2
BRH:2
end_of_record
TN:
SF:E:\Deal\NodeJs\udemy\seubarriga\src\routes\auth.js
FN:9,(anonymous_0)
FN:13,(anonymous_1)
FN:15,(anonymous_2)
FN:31,(anonymous_3)
FN:34,(anonymous_4)
FNF:5
FNH:5
FNDA:7,(anonymous_0)
FNDA:3,(anonymous_1)
FNDA:3,(anonymous_2)
FNDA:2,(anonymous_3)
FNDA:1,(anonymous_4)
DA:2,7
DA:3,7
DA:4,7
DA:5,7
DA:7,7
DA:9,7
DA:11,7
DA:13,7
DA:14,3
DA:16,3
DA:17,1
DA:19,2
DA:20,1
DA:25,1
DA:26,1
DA:28,1
DA:31,2
DA:34,7
DA:35,1
DA:36,1
DA:37,1
DA:39,0
DA:43,7
LF:23
LH:22
BRDA:16,0,0,1
BRDA:16,0,1,2
BRDA:19,1,0,1
BRDA:19,1,1,1
BRF:4
BRH:4
end_of_record
TN:
SF:E:\Deal\NodeJs\udemy\seubarriga\src\routes\balance.js
FN:4,(anonymous_0)
FN:8,(anonymous_1)
FN:10,(anonymous_2)
FN:11,(anonymous_3)
FNF:4
FNH:3
FNDA:7,(anonymous_0)
FNDA:10,(anonymous_1)
FNDA:10,(anonymous_2)
FNDA:0,(anonymous_3)
DA:2,7
DA:4,7
DA:6,7
DA:8,7
DA:9,10
DA:10,10
DA:11,0
DA:14,7
LF:8
LH:7
BRF:0
BRH:0
end_of_record
TN:
SF:E:\Deal\NodeJs\udemy\seubarriga\src\routes\transactions.js
FN:6,(anonymous_0)
FN:10,(anonymous_1)
FN:12,(anonymous_2)
FN:18,(anonymous_3)
FN:21,(anonymous_4)
FN:23,(anonymous_5)
FN:24,(anonymous_6)
FN:27,(anonymous_7)
FN:36,(anonymous_8)
FN:38,(anonymous_9)
FN:39,(anonymous_10)
FN:42,(anonymous_11)
FN:44,(anonymous_12)
FN:45,(anonymous_13)
FN:48,(anonymous_14)
FN:50,(anonymous_15)
FN:51,(anonymous_16)
FNF:17
FNH:14
FNDA:7,(anonymous_0)
FNDA:4,(anonymous_1)
FNDA:4,(anonymous_2)
FNDA:1,(anonymous_3)
FNDA:2,(anonymous_4)
FNDA:2,(anonymous_5)
FNDA:0,(anonymous_6)
FNDA:1,(anonymous_7)
FNDA:16,(anonymous_8)
FNDA:10,(anonymous_9)
FNDA:6,(anonymous_10)
FNDA:1,(anonymous_11)
FNDA:1,(anonymous_12)
FNDA:0,(anonymous_13)
FNDA:1,(anonymous_14)
FNDA:1,(anonymous_15)
FNDA:0,(anonymous_16)
DA:2,7
DA:4,7
DA:6,7
DA:8,7
DA:10,7
DA:11,4
DA:13,4
DA:14,3
DA:16,1
DA:18,1
DA:21,7
DA:22,2
DA:23,2
DA:24,0
DA:27,7
DA:28,1
DA:29,1
DA:30,1
DA:32,0
DA:36,7
DA:37,16
DA:38,10
DA:39,6
DA:42,7
DA:43,1
DA:44,1
DA:45,0
DA:48,7
DA:49,1
DA:50,1
DA:51,0
DA:54,7
LF:32
LH:28
BRDA:13,0,0,3
BRDA:13,0,1,1
BRF:2
BRH:2
end_of_record
TN:
SF:E:\Deal\NodeJs\udemy\seubarriga\src\routes\transfers.js
FN:6,(anonymous_0)
FN:10,(anonymous_1)
FN:12,(anonymous_2)
FN:18,(anonymous_3)
FN:21,(anonymous_4)
FN:23,(anonymous_5)
FN:24,(anonymous_6)
FN:27,(anonymous_7)
FN:36,(anonymous_8)
FN:38,(anonymous_9)
FN:39,(anonymous_10)
FN:42,(anonymous_11)
FN:44,(anonymous_12)
FN:45,(anonymous_13)
FN:48,(anonymous_14)
FN:50,(anonymous_15)
FN:51,(anonymous_16)
FN:54,(anonymous_17)
FN:56,(anonymous_18)
FN:57,(anonymous_19)
FNF:20
FNH:16
FNDA:7,(anonymous_0)
FNDA:11,(anonymous_1)
FNDA:11,(anonymous_2)
FNDA:1,(anonymous_3)
FNDA:18,(anonymous_4)
FNDA:4,(anonymous_5)
FNDA:14,(anonymous_6)
FNDA:1,(anonymous_7)
FNDA:1,(anonymous_8)
FNDA:1,(anonymous_9)
FNDA:0,(anonymous_10)
FNDA:3,(anonymous_11)
FNDA:3,(anonymous_12)
FNDA:0,(anonymous_13)
FNDA:1,(anonymous_14)
FNDA:1,(anonymous_15)
FNDA:0,(anonymous_16)
FNDA:1,(anonymous_17)
FNDA:1,(anonymous_18)
FNDA:0,(anonymous_19)
DA:2,7
DA:4,7
DA:6,7
DA:8,7
DA:10,7
DA:11,11
DA:13,11
DA:14,1
DA:16,10
DA:18,1
DA:21,7
DA:22,18
DA:23,4
DA:24,14
DA:27,7
DA:28,1
DA:29,1
DA:30,1
DA:32,0
DA:36,7
DA:37,1
DA:38,1
DA:39,0
DA:42,7
DA:43,3
DA:44,3
DA:45,0
DA:48,7
DA:49,1
DA:50,1
DA:51,0
DA:54,7
DA:55,1
DA:56,1
DA:57,0
DA:60,7
LF:36
LH:31
BRDA:13,0,0,1
BRDA:13,0,1,10
BRF:2
BRH:2
end_of_record
TN:
SF:E:\Deal\NodeJs\udemy\seubarriga\src\routes\users.js
FN:4,(anonymous_0)
FN:8,(anonymous_1)
FN:10,(anonymous_2)
FN:11,(anonymous_3)
FN:14,(anonymous_4)
FNF:5
FNH:4
FNDA:7,(anonymous_0)
FNDA:1,(anonymous_1)
FNDA:1,(anonymous_2)
FNDA:0,(anonymous_3)
FNDA:6,(anonymous_4)
DA:2,7
DA:4,7
DA:6,7
DA:8,7
DA:9,1
DA:10,1
DA:11,0
DA:14,7
DA:15,6
DA:16,6
DA:17,2
DA:19,4
DA:23,7
LF:13
LH:12
BRF:0
BRH:0
end_of_record
TN:
SF:E:\Deal\NodeJs\udemy\seubarriga\src\seeds\01_transfer.js
FN:2,(anonymous_0)
FN:5,(anonymous_1)
FN:6,(anonymous_2)
FN:7,(anonymous_3)
FN:8,(anonymous_4)
FN:12,(anonymous_5)
FN:18,(anonymous_6)
FN:22,(anonymous_7)
FNF:8
FNH:8
FNDA:2,(anonymous_0)
FNDA:2,(anonymous_1)
FNDA:2,(anonymous_2)
FNDA:2,(anonymous_3)
FNDA:2,(anonymous_4)
FNDA:2,(anonymous_5)
FNDA:2,(anonymous_6)
FNDA:2,(anonymous_7)
DA:2,2
DA:4,2
DA:5,2
DA:6,2
DA:7,2
DA:8,2
DA:12,2
DA:18,2
DA:22,2
LF:9
LH:9
BRF:0
BRH:0
end_of_record
TN:
SF:E:\Deal\NodeJs\udemy\seubarriga\src\seeds\02_balance.js
FN:4,(anonymous_0)
FN:10,(anonymous_1)
FN:18,(anonymous_2)
FN:22,(anonymous_3)
FNF:4
FNH:4
FNDA:2,(anonymous_0)
FNDA:2,(anonymous_1)
FNDA:2,(anonymous_2)
FNDA:2,(anonymous_3)
DA:2,2
DA:4,2
DA:5,2
DA:10,2
DA:18,2
DA:22,2
LF:6
LH:6
BRF:0
BRH:0
end_of_record
TN:
SF:E:\Deal\NodeJs\udemy\seubarriga\src\services\account.js
FN:4,(anonymous_0)
FN:6,(anonymous_1)
FN:10,(anonymous_2)
FN:14,(anonymous_3)
FN:31,(anonymous_4)
FN:35,(anonymous_5)
FNF:6
FNH:6
FNDA:7,(anonymous_0)
FNDA:2,(anonymous_1)
FNDA:10,(anonymous_2)
FNDA:3,(anonymous_3)
FNDA:1,(anonymous_4)
FNDA:2,(anonymous_5)
DA:2,7
DA:4,7
DA:6,7
DA:7,2
DA:10,7
DA:11,10
DA:14,7
DA:15,3
DA:16,1
DA:18,2
DA:19,0
DA:22,2
DA:24,2
DA:25,1
DA:28,1
DA:31,7
DA:32,1
DA:35,7
DA:36,2
DA:38,2
DA:39,1
DA:41,1
DA:44,7
LF:23
LH:22
BRDA:10,0,0,0
BRDA:15,1,0,1
BRDA:15,1,1,2
BRDA:18,2,0,0
BRDA:18,2,1,2
BRDA:24,3,0,1
BRDA:24,3,1,1
BRDA:38,4,0,1
BRDA:38,4,1,1
BRF:9
BRH:7
end_of_record
TN:
SF:E:\Deal\NodeJs\udemy\seubarriga\src\services\balance.js
FN:2,(anonymous_0)
FN:4,(anonymous_1)
FNF:2
FNH:2
FNDA:7,(anonymous_0)
FNDA:10,(anonymous_1)
DA:2,7
DA:4,7
DA:5,10
DA:14,7
LF:4
LH:4
BRF:0
BRH:0
end_of_record
TN:
SF:E:\Deal\NodeJs\udemy\seubarriga\src\services\transaction.js
FN:4,(anonymous_0)
FN:6,(anonymous_1)
FN:15,(anonymous_2)
FN:22,(anonymous_3)
FN:50,(anonymous_4)
FN:54,(anonymous_5)
FNF:6
FNH:6
FNDA:7,(anonymous_0)
FNDA:16,(anonymous_1)
FNDA:3,(anonymous_2)
FNDA:16,(anonymous_3)
FNDA:1,(anonymous_4)
FNDA:1,(anonymous_5)
DA:2,7
DA:4,7
DA:6,7
DA:7,16
DA:12,16
DA:15,7
DA:16,3
DA:19,3
DA:22,7
DA:24,16
DA:25,15
DA:26,14
DA:27,13
DA:28,12
DA:30,11
DA:31,11
DA:32,1
DA:36,10
DA:38,5
DA:41,10
DA:43,10
DA:44,0
DA:47,10
DA:50,7
DA:51,1
DA:54,7
DA:55,1
DA:58,7
LF:28
LH:27
BRDA:6,0,0,2
BRDA:24,1,0,1
BRDA:24,1,1,15
BRDA:25,2,0,1
BRDA:25,2,1,14
BRDA:26,3,0,1
BRDA:26,3,1,13
BRDA:27,4,0,1
BRDA:27,4,1,12
BRDA:28,5,0,1
BRDA:28,5,1,11
BRDA:30,6,0,11
BRDA:30,6,1,0
BRDA:31,7,0,1
BRDA:31,7,1,10
BRDA:31,8,0,11
BRDA:31,8,1,5
BRDA:36,9,0,5
BRDA:36,9,1,5
BRDA:36,10,0,10
BRDA:36,10,1,6
BRDA:36,10,2,9
BRDA:36,10,3,4
BRDA:43,11,0,0
BRDA:43,11,1,10
BRDA:43,12,0,10
BRDA:43,12,1,10
BRF:27
BRH:25
end_of_record
TN:
SF:E:\Deal\NodeJs\udemy\seubarriga\src\services\transfer.js
FN:4,(anonymous_0)
FN:6,(anonymous_1)
FN:13,(anonymous_2)
FN:20,(anonymous_3)
FN:33,(anonymous_4)
FN:40,(anonymous_5)
FN:72,(anonymous_6)
FN:108,(anonymous_7)
FNF:8
FNH:8
FNDA:7,(anonymous_0)
FNDA:1,(anonymous_1)
FNDA:12,(anonymous_2)
FNDA:18,(anonymous_3)
FNDA:10,(anonymous_4)
FNDA:3,(anonymous_5)
FNDA:1,(anonymous_6)
FNDA:1,(anonymous_7)
DA:2,7
DA:4,7
DA:6,7
DA:7,1
DA:10,1
DA:13,7
DA:14,12
DA:17,12
DA:20,7
DA:22,18
DA:23,16
DA:24,14
DA:25,12
DA:26,10
DA:27,8
DA:29,6
DA:33,6
DA:34,10
DA:35,2
DA:40,7
DA:42,3
DA:44,3
DA:46,3
DA:67,3
DA:69,3
DA:72,7
DA:73,1
DA:77,1
DA:98,1
DA:102,1
DA:104,1
DA:108,7
DA:110,1
DA:112,1
DA:115,7
LF:35
LH:35
BRDA:6,0,0,0
BRDA:22,1,0,2
BRDA:22,1,1,16
BRDA:23,2,0,2
BRDA:23,2,1,14
BRDA:24,3,0,2
BRDA:24,3,1,12
BRDA:25,4,0,2
BRDA:25,4,1,10
BRDA:26,5,0,2
BRDA:26,5,1,8
BRDA:27,6,0,2
BRDA:27,6,1,6
BRDA:34,7,0,2
BRDA:34,7,1,8
BRF:15
BRH:14
end_of_record
TN:
SF:E:\Deal\NodeJs\udemy\seubarriga\src\services\user.js
FN:5,(anonymous_0)
FN:7,(anonymous_1)
FN:11,(anonymous_2)
FN:15,(anonymous_3)
FN:20,(anonymous_4)
FNF:5
FNH:5
FNDA:7,(anonymous_0)
FNDA:1,(anonymous_1)
FNDA:86,(anonymous_2)
FNDA:8,(anonymous_3)
FNDA:12,(anonymous_4)
DA:2,7
DA:3,7
DA:5,7
DA:7,7
DA:8,1
DA:11,7
DA:12,86
DA:15,7
DA:16,8
DA:17,8
DA:20,7
DA:21,12
DA:22,1
DA:24,11
DA:25,1
DA:27,10
DA:28,1
DA:31,9
DA:33,9
DA:34,1
DA:37,8
DA:39,8
DA:42,7
LF:23
LH:23
BRDA:11,0,0,0
BRDA:21,1,0,1
BRDA:21,1,1,11
BRDA:24,2,0,1
BRDA:24,2,1,10
BRDA:27,3,0,1
BRDA:27,3,1,9
BRDA:33,4,0,1
BRDA:33,4,1,8
BRF:9
BRH:8
end_of_record
