TN:
SF:E:\Deal\NodeJs\udemy\seubarriga\knexfile.js
FNF:0
FNH:0
DA:1,7
LF:1
LH:1
BRF:0
BRH:0
end_of_record
TN:
SF:E:\Deal\NodeJs\udemy\seubarriga\src\app.js
FN:18,(anonymous_0)
FN:22,(anonymous_1)
FNF:2
FNH:2
FNDA:1,(anonymous_0)
FNDA:34,(anonymous_1)
DA:1,7
DA:2,7
DA:3,7
DA:5,7
DA:8,7
DA:10,7
DA:18,7
DA:19,1
DA:22,7
DA:23,34
DA:24,34
DA:25,29
DA:26,5
DA:27,5
DA:29,0
DA:31,34
DA:40,7
LF:17
LH:16
BRDA:24,0,0,29
BRDA:24,0,1,5
BRDA:26,1,0,5
BRDA:26,1,1,0
BRF:4
BRH:3
end_of_record
TN:
SF:E:\Deal\NodeJs\udemy\seubarriga\src\config\middlewares.js
FN:4,(anonymous_0)
FNF:1
FNH:1
FNDA:7,(anonymous_0)
DA:1,7
DA:4,7
DA:5,7
LF:3
LH:3
BRF:0
BRH:0
end_of_record
TN:
SF:E:\Deal\NodeJs\udemy\seubarriga\src\config\passport.js
FN:8,(anonymous_0)
FN:15,(anonymous_1)
FN:17,(anonymous_2)
FN:20,(anonymous_3)
FN:26,(anonymous_4)
FNF:5
FNH:4
FNDA:7,(anonymous_0)
FNDA:73,(anonymous_1)
FNDA:73,(anonymous_2)
FNDA:0,(anonymous_3)
FNDA:7,(anonymous_4)
DA:1,7
DA:2,7
DA:4,7
DA:6,7
DA:8,7
DA:10,7
DA:15,7
DA:16,73
DA:18,73
DA:19,0
DA:20,0
DA:23,7
DA:25,7
DA:26,7
LF:14
LH:12
BRDA:18,0,0,73
BRDA:18,0,1,0
BRF:2
BRH:1
end_of_record
TN:
SF:E:\Deal\NodeJs\udemy\seubarriga\src\config\router.js
FN:3,(anonymous_0)
FNF:1
FNH:1
FNDA:7,(anonymous_0)
DA:1,7
DA:3,7
DA:4,7
DA:6,7
DA:8,7
DA:9,7
DA:10,7
DA:11,7
DA:12,7
DA:14,7
LF:10
LH:10
BRF:0
BRH:0
end_of_record
TN:
SF:E:\Deal\NodeJs\udemy\seubarriga\src\errors\forbiddenError.js
FN:1,forbiddenError
FNF:1
FNH:1
FNDA:5,forbiddenError
DA:1,7
DA:2,5
DA:3,5
LF:3
LH:3
BRDA:1,0,0,5
BRF:1
BRH:1
end_of_record
TN:
SF:E:\Deal\NodeJs\udemy\seubarriga\src\errors\validationError.js
FN:1,validationError
FNF:1
FNH:1
FNDA:29,validationError
DA:1,7
DA:2,29
DA:3,29
LF:3
LH:3
BRF:0
BRH:0
end_of_record
TN:
SF:E:\Deal\NodeJs\udemy\seubarriga\src\routes\accounts.js
FN:5,(anonymous_0)
FN:9,(anonymous_1)
FN:11,(anonymous_2)
FN:17,(anonymous_3)
FN:20,(anonymous_4)
FN:22,(anonymous_5)
FN:23,(anonymous_6)
FN:26,(anonymous_7)
FN:28,(anonymous_8)
FN:29,(anonymous_9)
FN:32,(anonymous_10)
FN:35,(anonymous_11)
FN:36,(anonymous_12)
FN:39,(anonymous_13)
FN:41,(anonymous_14)
FN:42,(anonymous_15)
FN:45,(anonymous_16)
FN:47,(anonymous_17)
FN:48,(anonymous_18)
FNF:19
FNH:16
FNDA:7,(anonymous_0)
FNDA:7,(anonymous_1)
FNDA:7,(anonymous_2)
FNDA:3,(anonymous_3)
FNDA:2,(anonymous_4)
FNDA:2,(anonymous_5)
FNDA:0,(anonymous_6)
FNDA:1,(anonymous_7)
FNDA:1,(anonymous_8)
FNDA:0,(anonymous_9)
FNDA:3,(anonymous_10)
FNDA:1,(anonymous_11)
FNDA:2,(anonymous_12)
FNDA:1,(anonymous_13)
FNDA:1,(anonymous_14)
FNDA:0,(anonymous_15)
FNDA:2,(anonymous_16)
FNDA:1,(anonymous_17)
FNDA:1,(anonymous_18)
DA:1,7
DA:3,7
DA:5,7
DA:7,7
DA:9,7
DA:10,7
DA:12,7
DA:13,3
DA:15,4
DA:17,3
DA:20,7
DA:21,2
DA:22,2
DA:23,0
DA:26,7
DA:27,1
DA:28,1
DA:29,0
DA:32,7
DA:33,3
DA:34,3
DA:35,1
DA:36,2
DA:39,7
DA:40,1
DA:41,1
DA:42,0
DA:45,7
DA:46,2
DA:47,1
DA:48,1
DA:51,7
LF:32
LH:29
BRDA:12,0,0,3
BRDA:12,0,1,4
BRF:2
BRH:2
end_of_record
TN:
SF:E:\Deal\NodeJs\udemy\seubarriga\src\routes\auth.js
FN:8,(anonymous_0)
FN:12,(anonymous_1)
FN:14,(anonymous_2)
FN:30,(anonymous_3)
FN:33,(anonymous_4)
FNF:5
FNH:5
FNDA:7,(anonymous_0)
FNDA:3,(anonymous_1)
FNDA:3,(anonymous_2)
FNDA:2,(anonymous_3)
FNDA:1,(anonymous_4)
DA:1,7
DA:2,7
DA:3,7
DA:4,7
DA:6,7
DA:8,7
DA:10,7
DA:12,7
DA:13,3
DA:15,3
DA:16,1
DA:18,2
DA:19,1
DA:24,1
DA:25,1
DA:27,1
DA:30,2
DA:33,7
DA:34,1
DA:35,1
DA:36,1
DA:38,0
DA:42,7
LF:23
LH:22
BRDA:15,0,0,1
BRDA:15,0,1,2
BRDA:18,1,0,1
BRDA:18,1,1,1
BRF:4
BRH:4
end_of_record
TN:
SF:E:\Deal\NodeJs\udemy\seubarriga\src\routes\balance.js
FN:5,(anonymous_0)
FN:9,(anonymous_1)
FN:11,(anonymous_2)
FN:12,(anonymous_3)
FNF:4
FNH:3
FNDA:7,(anonymous_0)
FNDA:10,(anonymous_1)
FNDA:10,(anonymous_2)
FNDA:0,(anonymous_3)
DA:1,7
DA:3,7
DA:5,7
DA:7,7
DA:9,7
DA:10,10
DA:11,10
DA:12,0
DA:15,7
LF:9
LH:8
BRF:0
BRH:0
end_of_record
TN:
SF:E:\Deal\NodeJs\udemy\seubarriga\src\routes\transactions.js
FN:5,(anonymous_0)
FN:9,(anonymous_1)
FN:11,(anonymous_2)
FN:17,(anonymous_3)
FN:20,(anonymous_4)
FN:22,(anonymous_5)
FN:23,(anonymous_6)
FN:26,(anonymous_7)
FN:35,(anonymous_8)
FN:37,(anonymous_9)
FN:38,(anonymous_10)
FN:41,(anonymous_11)
FN:43,(anonymous_12)
FN:44,(anonymous_13)
FN:47,(anonymous_14)
FN:49,(anonymous_15)
FN:50,(anonymous_16)
FNF:17
FNH:14
FNDA:7,(anonymous_0)
FNDA:4,(anonymous_1)
FNDA:4,(anonymous_2)
FNDA:1,(anonymous_3)
FNDA:2,(anonymous_4)
FNDA:2,(anonymous_5)
FNDA:0,(anonymous_6)
FNDA:1,(anonymous_7)
FNDA:16,(anonymous_8)
FNDA:10,(anonymous_9)
FNDA:6,(anonymous_10)
FNDA:1,(anonymous_11)
FNDA:1,(anonymous_12)
FNDA:0,(anonymous_13)
FNDA:1,(anonymous_14)
FNDA:1,(anonymous_15)
FNDA:0,(anonymous_16)
DA:1,7
DA:3,7
DA:5,7
DA:7,7
DA:9,7
DA:10,4
DA:12,4
DA:13,3
DA:15,1
DA:17,1
DA:20,7
DA:21,2
DA:22,2
DA:23,0
DA:26,7
DA:27,1
DA:28,1
DA:29,1
DA:31,0
DA:35,7
DA:36,16
DA:37,10
DA:38,6
DA:41,7
DA:42,1
DA:43,1
DA:44,0
DA:47,7
DA:48,1
DA:49,1
DA:50,0
DA:53,7
LF:32
LH:28
BRDA:12,0,0,3
BRDA:12,0,1,1
BRF:2
BRH:2
end_of_record
TN:
SF:E:\Deal\NodeJs\udemy\seubarriga\src\routes\transfers.js
FN:5,(anonymous_0)
FN:9,(anonymous_1)
FN:11,(anonymous_2)
FN:17,(anonymous_3)
FN:20,(anonymous_4)
FN:22,(anonymous_5)
FN:23,(anonymous_6)
FN:26,(anonymous_7)
FN:35,(anonymous_8)
FN:37,(anonymous_9)
FN:38,(anonymous_10)
FN:41,(anonymous_11)
FN:43,(anonymous_12)
FN:44,(anonymous_13)
FN:47,(anonymous_14)
FN:49,(anonymous_15)
FN:50,(anonymous_16)
FN:53,(anonymous_17)
FN:55,(anonymous_18)
FN:56,(anonymous_19)
FNF:20
FNH:16
FNDA:7,(anonymous_0)
FNDA:11,(anonymous_1)
FNDA:11,(anonymous_2)
FNDA:1,(anonymous_3)
FNDA:18,(anonymous_4)
FNDA:4,(anonymous_5)
FNDA:14,(anonymous_6)
FNDA:1,(anonymous_7)
FNDA:1,(anonymous_8)
FNDA:1,(anonymous_9)
FNDA:0,(anonymous_10)
FNDA:3,(anonymous_11)
FNDA:3,(anonymous_12)
FNDA:0,(anonymous_13)
FNDA:1,(anonymous_14)
FNDA:1,(anonymous_15)
FNDA:0,(anonymous_16)
FNDA:1,(anonymous_17)
FNDA:1,(anonymous_18)
FNDA:0,(anonymous_19)
DA:1,7
DA:3,7
DA:5,7
DA:7,7
DA:9,7
DA:10,11
DA:12,11
DA:13,1
DA:15,10
DA:17,1
DA:20,7
DA:21,18
DA:22,4
DA:23,14
DA:26,7
DA:27,1
DA:28,1
DA:29,1
DA:31,0
DA:35,7
DA:36,1
DA:37,1
DA:38,0
DA:41,7
DA:42,3
DA:43,3
DA:44,0
DA:47,7
DA:48,1
DA:49,1
DA:50,0
DA:53,7
DA:54,1
DA:55,1
DA:56,0
DA:59,7
LF:36
LH:31
BRDA:12,0,0,1
BRDA:12,0,1,10
BRF:2
BRH:2
end_of_record
TN:
SF:E:\Deal\NodeJs\udemy\seubarriga\src\routes\users.js
FN:3,(anonymous_0)
FN:7,(anonymous_1)
FN:9,(anonymous_2)
FN:10,(anonymous_3)
FN:13,(anonymous_4)
FNF:5
FNH:4
FNDA:7,(anonymous_0)
FNDA:1,(anonymous_1)
FNDA:1,(anonymous_2)
FNDA:0,(anonymous_3)
FNDA:6,(anonymous_4)
DA:1,7
DA:3,7
DA:5,7
DA:7,7
DA:8,1
DA:9,1
DA:10,0
DA:13,7
DA:14,6
DA:15,6
DA:16,2
DA:18,4
DA:22,7
LF:13
LH:12
BRF:0
BRH:0
end_of_record
TN:
SF:E:\Deal\NodeJs\udemy\seubarriga\src\seeds\01_transfer.js
FN:3,(anonymous_0)
FN:6,(anonymous_1)
FN:7,(anonymous_2)
FN:8,(anonymous_3)
FN:9,(anonymous_4)
FN:13,(anonymous_5)
FN:19,(anonymous_6)
FN:23,(anonymous_7)
FNF:8
FNH:8
FNDA:2,(anonymous_0)
FNDA:2,(anonymous_1)
FNDA:2,(anonymous_2)
FNDA:2,(anonymous_3)
FNDA:2,(anonymous_4)
FNDA:2,(anonymous_5)
FNDA:2,(anonymous_6)
FNDA:2,(anonymous_7)
DA:1,2
DA:3,2
DA:5,2
DA:6,2
DA:7,2
DA:8,2
DA:9,2
DA:13,2
DA:19,2
DA:23,2
LF:10
LH:10
BRF:0
BRH:0
end_of_record
TN:
SF:E:\Deal\NodeJs\udemy\seubarriga\src\seeds\02_balance.js
FN:4,(anonymous_0)
FN:10,(anonymous_1)
FN:18,(anonymous_2)
FN:22,(anonymous_3)
FNF:4
FNH:4
FNDA:2,(anonymous_0)
FNDA:2,(anonymous_1)
FNDA:2,(anonymous_2)
FNDA:2,(anonymous_3)
DA:1,2
DA:2,2
DA:4,2
DA:5,2
DA:10,2
DA:18,2
DA:22,2
LF:7
LH:7
BRF:0
BRH:0
end_of_record
TN:
SF:E:\Deal\NodeJs\udemy\seubarriga\src\services\account.js
FN:3,(anonymous_0)
FN:5,(anonymous_1)
FN:9,(anonymous_2)
FN:13,(anonymous_3)
FN:30,(anonymous_4)
FN:34,(anonymous_5)
FNF:6
FNH:6
FNDA:7,(anonymous_0)
FNDA:2,(anonymous_1)
FNDA:10,(anonymous_2)
FNDA:3,(anonymous_3)
FNDA:1,(anonymous_4)
FNDA:2,(anonymous_5)
DA:1,7
DA:3,7
DA:5,7
DA:6,2
DA:9,7
DA:10,10
DA:13,7
DA:14,3
DA:15,1
DA:17,2
DA:18,0
DA:21,2
DA:23,2
DA:24,1
DA:27,1
DA:30,7
DA:31,1
DA:34,7
DA:35,2
DA:37,2
DA:38,1
DA:40,1
DA:43,7
LF:23
LH:22
BRDA:9,0,0,0
BRDA:14,1,0,1
BRDA:14,1,1,2
BRDA:17,2,0,0
BRDA:17,2,1,2
BRDA:23,3,0,1
BRDA:23,3,1,1
BRDA:37,4,0,1
BRDA:37,4,1,1
BRF:9
BRH:7
end_of_record
TN:
SF:E:\Deal\NodeJs\udemy\seubarriga\src\services\balance.js
FN:1,(anonymous_0)
FN:3,(anonymous_1)
FNF:2
FNH:2
FNDA:7,(anonymous_0)
FNDA:10,(anonymous_1)
DA:1,7
DA:3,7
DA:4,10
DA:13,7
LF:4
LH:4
BRF:0
BRH:0
end_of_record
TN:
SF:E:\Deal\NodeJs\udemy\seubarriga\src\services\transaction.js
FN:3,(anonymous_0)
FN:5,(anonymous_1)
FN:14,(anonymous_2)
FN:21,(anonymous_3)
FN:49,(anonymous_4)
FN:53,(anonymous_5)
FNF:6
FNH:6
FNDA:7,(anonymous_0)
FNDA:16,(anonymous_1)
FNDA:3,(anonymous_2)
FNDA:16,(anonymous_3)
FNDA:1,(anonymous_4)
FNDA:1,(anonymous_5)
DA:1,7
DA:3,7
DA:5,7
DA:6,16
DA:11,16
DA:14,7
DA:15,3
DA:18,3
DA:21,7
DA:23,16
DA:24,15
DA:25,14
DA:26,13
DA:27,12
DA:29,11
DA:30,11
DA:31,1
DA:35,10
DA:37,5
DA:40,10
DA:42,10
DA:43,0
DA:46,10
DA:49,7
DA:50,1
DA:53,7
DA:54,1
DA:57,7
LF:28
LH:27
BRDA:5,0,0,2
BRDA:23,1,0,1
BRDA:23,1,1,15
BRDA:24,2,0,1
BRDA:24,2,1,14
BRDA:25,3,0,1
BRDA:25,3,1,13
BRDA:26,4,0,1
BRDA:26,4,1,12
BRDA:27,5,0,1
BRDA:27,5,1,11
BRDA:29,6,0,11
BRDA:29,6,1,0
BRDA:30,7,0,1
BRDA:30,7,1,10
BRDA:30,8,0,11
BRDA:30,8,1,5
BRDA:35,9,0,5
BRDA:35,9,1,5
BRDA:35,10,0,10
BRDA:35,10,1,6
BRDA:35,10,2,9
BRDA:35,10,3,4
BRDA:42,11,0,0
BRDA:42,11,1,10
BRDA:42,12,0,10
BRDA:42,12,1,10
BRF:27
BRH:25
end_of_record
TN:
SF:E:\Deal\NodeJs\udemy\seubarriga\src\services\transfer.js
FN:3,(anonymous_0)
FN:5,(anonymous_1)
FN:12,(anonymous_2)
FN:19,(anonymous_3)
FN:32,(anonymous_4)
FN:39,(anonymous_5)
FN:71,(anonymous_6)
FN:107,(anonymous_7)
FNF:8
FNH:8
FNDA:7,(anonymous_0)
FNDA:1,(anonymous_1)
FNDA:12,(anonymous_2)
FNDA:18,(anonymous_3)
FNDA:10,(anonymous_4)
FNDA:3,(anonymous_5)
FNDA:1,(anonymous_6)
FNDA:1,(anonymous_7)
DA:1,7
DA:3,7
DA:5,7
DA:6,1
DA:9,1
DA:12,7
DA:13,12
DA:16,12
DA:19,7
DA:21,18
DA:22,16
DA:23,14
DA:24,12
DA:25,10
DA:26,8
DA:28,6
DA:32,6
DA:33,10
DA:34,2
DA:39,7
DA:41,3
DA:43,3
DA:45,3
DA:66,3
DA:68,3
DA:71,7
DA:72,1
DA:76,1
DA:97,1
DA:101,1
DA:103,1
DA:107,7
DA:109,1
DA:111,1
DA:114,7
LF:35
LH:35
BRDA:5,0,0,0
BRDA:21,1,0,2
BRDA:21,1,1,16
BRDA:22,2,0,2
BRDA:22,2,1,14
BRDA:23,3,0,2
BRDA:23,3,1,12
BRDA:24,4,0,2
BRDA:24,4,1,10
BRDA:25,5,0,2
BRDA:25,5,1,8
BRDA:26,6,0,2
BRDA:26,6,1,6
BRDA:33,7,0,2
BRDA:33,7,1,8
BRF:15
BRH:14
end_of_record
TN:
SF:E:\Deal\NodeJs\udemy\seubarriga\src\services\user.js
FN:4,(anonymous_0)
FN:6,(anonymous_1)
FN:10,(anonymous_2)
FN:14,(anonymous_3)
FN:19,(anonymous_4)
FNF:5
FNH:5
FNDA:7,(anonymous_0)
FNDA:1,(anonymous_1)
FNDA:86,(anonymous_2)
FNDA:8,(anonymous_3)
FNDA:12,(anonymous_4)
DA:1,7
DA:2,7
DA:4,7
DA:6,7
DA:7,1
DA:10,7
DA:11,86
DA:14,7
DA:15,8
DA:16,8
DA:19,7
DA:20,12
DA:21,1
DA:23,11
DA:24,1
DA:26,10
DA:27,1
DA:30,9
DA:32,9
DA:33,1
DA:36,8
DA:38,8
DA:41,7
LF:23
LH:23
BRDA:10,0,0,0
BRDA:20,1,0,1
BRDA:20,1,1,11
BRDA:23,2,0,1
BRDA:23,2,1,10
BRDA:26,3,0,1
BRDA:26,3,1,9
BRDA:32,4,0,1
BRDA:32,4,1,8
BRF:9
BRH:8
end_of_record
